.\..\..\lib\i18n.bsc
D:\PROJECTS\MFCT\EXT\ICU\BIN\ICUIN48D.DLL
D:\PROJECTS\MFCT\EXT\ICU\BIN\ICUIN48D.ILK
D:\PROJECTS\MFCT\EXT\ICU\INCLUDE\UNICODE\ALPHAINDEX.H
D:\PROJECTS\MFCT\EXT\ICU\INCLUDE\UNICODE\BASICTZ.H
D:\PROJECTS\MFCT\EXT\ICU\INCLUDE\UNICODE\BMS.H
D:\PROJECTS\MFCT\EXT\ICU\INCLUDE\UNICODE\BMSEARCH.H
D:\PROJECTS\MFCT\EXT\ICU\INCLUDE\UNICODE\CALENDAR.H
D:\PROJECTS\MFCT\EXT\ICU\INCLUDE\UNICODE\CHOICFMT.H
D:\PROJECTS\MFCT\EXT\ICU\INCLUDE\UNICODE\COLEITR.H
D:\PROJECTS\MFCT\EXT\ICU\INCLUDE\UNICODE\COLL.H
D:\PROJECTS\MFCT\EXT\ICU\INCLUDE\UNICODE\COLLDATA.H
D:\PROJECTS\MFCT\EXT\ICU\INCLUDE\UNICODE\CURRAMT.H
D:\PROJECTS\MFCT\EXT\ICU\INCLUDE\UNICODE\CURRPINF.H
D:\PROJECTS\MFCT\EXT\ICU\INCLUDE\UNICODE\CURRUNIT.H
D:\PROJECTS\MFCT\EXT\ICU\INCLUDE\UNICODE\DATEFMT.H
D:\PROJECTS\MFCT\EXT\ICU\INCLUDE\UNICODE\DCFMTSYM.H
D:\PROJECTS\MFCT\EXT\ICU\INCLUDE\UNICODE\DECIMFMT.H
D:\PROJECTS\MFCT\EXT\ICU\INCLUDE\UNICODE\DTFMTSYM.H
D:\PROJECTS\MFCT\EXT\ICU\INCLUDE\UNICODE\DTITVFMT.H
D:\PROJECTS\MFCT\EXT\ICU\INCLUDE\UNICODE\DTITVINF.H
D:\PROJECTS\MFCT\EXT\ICU\INCLUDE\UNICODE\DTPTNGEN.H
D:\PROJECTS\MFCT\EXT\ICU\INCLUDE\UNICODE\DTRULE.H
D:\PROJECTS\MFCT\EXT\ICU\INCLUDE\UNICODE\FIELDPOS.H
D:\PROJECTS\MFCT\EXT\ICU\INCLUDE\UNICODE\FMTABLE.H
D:\PROJECTS\MFCT\EXT\ICU\INCLUDE\UNICODE\FORMAT.H
D:\PROJECTS\MFCT\EXT\ICU\INCLUDE\UNICODE\FPOSITER.H
D:\PROJECTS\MFCT\EXT\ICU\INCLUDE\UNICODE\GREGOCAL.H
D:\PROJECTS\MFCT\EXT\ICU\INCLUDE\UNICODE\LOCDSPNM.H
D:\PROJECTS\MFCT\EXT\ICU\INCLUDE\UNICODE\MEASFMT.H
D:\PROJECTS\MFCT\EXT\ICU\INCLUDE\UNICODE\MEASUNIT.H
D:\PROJECTS\MFCT\EXT\ICU\INCLUDE\UNICODE\MEASURE.H
D:\PROJECTS\MFCT\EXT\ICU\INCLUDE\UNICODE\MSGFMT.H
D:\PROJECTS\MFCT\EXT\ICU\INCLUDE\UNICODE\NUMFMT.H
D:\PROJECTS\MFCT\EXT\ICU\INCLUDE\UNICODE\NUMSYS.H
D:\PROJECTS\MFCT\EXT\ICU\INCLUDE\UNICODE\PLURFMT.H
D:\PROJECTS\MFCT\EXT\ICU\INCLUDE\UNICODE\PLURRULE.H
D:\PROJECTS\MFCT\EXT\ICU\INCLUDE\UNICODE\RBNF.H
D:\PROJECTS\MFCT\EXT\ICU\INCLUDE\UNICODE\RBTZ.H
D:\PROJECTS\MFCT\EXT\ICU\INCLUDE\UNICODE\REGEX.H
D:\PROJECTS\MFCT\EXT\ICU\INCLUDE\UNICODE\SEARCH.H
D:\PROJECTS\MFCT\EXT\ICU\INCLUDE\UNICODE\SELFMT.H
D:\PROJECTS\MFCT\EXT\ICU\INCLUDE\UNICODE\SIMPLETZ.H
D:\PROJECTS\MFCT\EXT\ICU\INCLUDE\UNICODE\SMPDTFMT.H
D:\PROJECTS\MFCT\EXT\ICU\INCLUDE\UNICODE\SORTKEY.H
D:\PROJECTS\MFCT\EXT\ICU\INCLUDE\UNICODE\STSEARCH.H
D:\PROJECTS\MFCT\EXT\ICU\INCLUDE\UNICODE\TBLCOLL.H
D:\PROJECTS\MFCT\EXT\ICU\INCLUDE\UNICODE\TIMEZONE.H
D:\PROJECTS\MFCT\EXT\ICU\INCLUDE\UNICODE\TMUNIT.H
D:\PROJECTS\MFCT\EXT\ICU\INCLUDE\UNICODE\TMUTAMT.H
D:\PROJECTS\MFCT\EXT\ICU\INCLUDE\UNICODE\TMUTFMT.H
D:\PROJECTS\MFCT\EXT\ICU\INCLUDE\UNICODE\TRANSLIT.H
D:\PROJECTS\MFCT\EXT\ICU\INCLUDE\UNICODE\TZRULE.H
D:\PROJECTS\MFCT\EXT\ICU\INCLUDE\UNICODE\TZTRANS.H
D:\PROJECTS\MFCT\EXT\ICU\INCLUDE\UNICODE\UCAL.H
D:\PROJECTS\MFCT\EXT\ICU\INCLUDE\UNICODE\UCOL.H
D:\PROJECTS\MFCT\EXT\ICU\INCLUDE\UNICODE\UCOLEITR.H
D:\PROJECTS\MFCT\EXT\ICU\INCLUDE\UNICODE\UCSDET.H
D:\PROJECTS\MFCT\EXT\ICU\INCLUDE\UNICODE\UCURR.H
D:\PROJECTS\MFCT\EXT\ICU\INCLUDE\UNICODE\UDAT.H
D:\PROJECTS\MFCT\EXT\ICU\INCLUDE\UNICODE\UDATEINTERVALFORMAT.H
D:\PROJECTS\MFCT\EXT\ICU\INCLUDE\UNICODE\UDATPG.H
D:\PROJECTS\MFCT\EXT\ICU\INCLUDE\UNICODE\ULDNAMES.H
D:\PROJECTS\MFCT\EXT\ICU\INCLUDE\UNICODE\ULOCDATA.H
D:\PROJECTS\MFCT\EXT\ICU\INCLUDE\UNICODE\UMSG.H
D:\PROJECTS\MFCT\EXT\ICU\INCLUDE\UNICODE\UNIREPL.H
D:\PROJECTS\MFCT\EXT\ICU\INCLUDE\UNICODE\UNUM.H
D:\PROJECTS\MFCT\EXT\ICU\INCLUDE\UNICODE\UPLURALRULES.H
D:\PROJECTS\MFCT\EXT\ICU\INCLUDE\UNICODE\UREGEX.H
D:\PROJECTS\MFCT\EXT\ICU\INCLUDE\UNICODE\USEARCH.H
D:\PROJECTS\MFCT\EXT\ICU\INCLUDE\UNICODE\USPOOF.H
D:\PROJECTS\MFCT\EXT\ICU\INCLUDE\UNICODE\UTMSCALE.H
D:\PROJECTS\MFCT\EXT\ICU\INCLUDE\UNICODE\UTRANS.H
D:\PROJECTS\MFCT\EXT\ICU\INCLUDE\UNICODE\VTZONE.H
D:\PROJECTS\MFCT\EXT\ICU\LIB\I18N.BSC
D:\Projects\mfct\ext\icu\lib\icuind.exp
D:\Projects\mfct\ext\icu\lib\icuind.lib
D:\PROJECTS\MFCT\EXT\ICU\LIB\ICUIND.PDB
D:\Projects\mfct\ext\icu\source\i18n\x86\Debug\alphaindex.obj
D:\Projects\mfct\ext\icu\source\i18n\x86\Debug\alphaindex.sbr
D:\Projects\mfct\ext\icu\source\i18n\x86\Debug\anytrans.obj
D:\Projects\mfct\ext\icu\source\i18n\x86\Debug\anytrans.sbr
D:\Projects\mfct\ext\icu\source\i18n\x86\Debug\astro.obj
D:\Projects\mfct\ext\icu\source\i18n\x86\Debug\astro.sbr
D:\Projects\mfct\ext\icu\source\i18n\x86\Debug\basictz.obj
D:\Projects\mfct\ext\icu\source\i18n\x86\Debug\basictz.sbr
D:\Projects\mfct\ext\icu\source\i18n\x86\Debug\bms.obj
D:\Projects\mfct\ext\icu\source\i18n\x86\Debug\bms.sbr
D:\Projects\mfct\ext\icu\source\i18n\x86\Debug\bmsearch.obj
D:\Projects\mfct\ext\icu\source\i18n\x86\Debug\bmsearch.sbr
D:\Projects\mfct\ext\icu\source\i18n\x86\Debug\bocsu.obj
D:\Projects\mfct\ext\icu\source\i18n\x86\Debug\bocsu.sbr
D:\Projects\mfct\ext\icu\source\i18n\x86\Debug\brktrans.obj
D:\Projects\mfct\ext\icu\source\i18n\x86\Debug\brktrans.sbr
D:\Projects\mfct\ext\icu\source\i18n\x86\Debug\BscMake.command.1.tlog
D:\Projects\mfct\ext\icu\source\i18n\x86\Debug\bscmake.read.1.tlog
D:\Projects\mfct\ext\icu\source\i18n\x86\Debug\bscmake.write.1.tlog
D:\Projects\mfct\ext\icu\source\i18n\x86\Debug\buddhcal.obj
D:\Projects\mfct\ext\icu\source\i18n\x86\Debug\buddhcal.sbr
D:\Projects\mfct\ext\icu\source\i18n\x86\Debug\calendar.obj
D:\Projects\mfct\ext\icu\source\i18n\x86\Debug\calendar.sbr
D:\Projects\mfct\ext\icu\source\i18n\x86\Debug\casetrn.obj
D:\Projects\mfct\ext\icu\source\i18n\x86\Debug\casetrn.sbr
D:\Projects\mfct\ext\icu\source\i18n\x86\Debug\cecal.obj
D:\Projects\mfct\ext\icu\source\i18n\x86\Debug\cecal.sbr
D:\Projects\mfct\ext\icu\source\i18n\x86\Debug\chnsecal.obj
D:\Projects\mfct\ext\icu\source\i18n\x86\Debug\chnsecal.sbr
D:\Projects\mfct\ext\icu\source\i18n\x86\Debug\choicfmt.obj
D:\Projects\mfct\ext\icu\source\i18n\x86\Debug\choicfmt.sbr
D:\Projects\mfct\ext\icu\source\i18n\x86\Debug\CL.10064.read.1.tlog
D:\Projects\mfct\ext\icu\source\i18n\x86\Debug\CL.10064.write.1.tlog
D:\Projects\mfct\ext\icu\source\i18n\x86\Debug\CL.10088.read.1.tlog
D:\Projects\mfct\ext\icu\source\i18n\x86\Debug\CL.10088.write.1.tlog
D:\Projects\mfct\ext\icu\source\i18n\x86\Debug\CL.10164.read.1.tlog
D:\Projects\mfct\ext\icu\source\i18n\x86\Debug\CL.10164.write.1.tlog
D:\Projects\mfct\ext\icu\source\i18n\x86\Debug\CL.10336.read.1.tlog
D:\Projects\mfct\ext\icu\source\i18n\x86\Debug\CL.10336.write.1.tlog
D:\Projects\mfct\ext\icu\source\i18n\x86\Debug\CL.10396.read.1.tlog
D:\Projects\mfct\ext\icu\source\i18n\x86\Debug\CL.10396.write.1.tlog
D:\Projects\mfct\ext\icu\source\i18n\x86\Debug\CL.10468.read.1.tlog
D:\Projects\mfct\ext\icu\source\i18n\x86\Debug\CL.10468.write.1.tlog
D:\Projects\mfct\ext\icu\source\i18n\x86\Debug\CL.6440.read.1.tlog
D:\Projects\mfct\ext\icu\source\i18n\x86\Debug\CL.6440.write.1.tlog
D:\Projects\mfct\ext\icu\source\i18n\x86\Debug\CL.7124.read.1.tlog
D:\Projects\mfct\ext\icu\source\i18n\x86\Debug\CL.7124.write.1.tlog
D:\Projects\mfct\ext\icu\source\i18n\x86\Debug\CL.7504.read.1.tlog
D:\Projects\mfct\ext\icu\source\i18n\x86\Debug\CL.7504.write.1.tlog
D:\Projects\mfct\ext\icu\source\i18n\x86\Debug\CL.8308.read.1.tlog
D:\Projects\mfct\ext\icu\source\i18n\x86\Debug\CL.8308.write.1.tlog
D:\Projects\mfct\ext\icu\source\i18n\x86\Debug\CL.8680.read.1.tlog
D:\Projects\mfct\ext\icu\source\i18n\x86\Debug\CL.8680.write.1.tlog
D:\Projects\mfct\ext\icu\source\i18n\x86\Debug\CL.8696.read.1.tlog
D:\Projects\mfct\ext\icu\source\i18n\x86\Debug\CL.8696.write.1.tlog
D:\Projects\mfct\ext\icu\source\i18n\x86\Debug\CL.9704.read.1.tlog
D:\Projects\mfct\ext\icu\source\i18n\x86\Debug\CL.9704.write.1.tlog
D:\Projects\mfct\ext\icu\source\i18n\x86\Debug\cl.command.1.tlog
D:\Projects\mfct\ext\icu\source\i18n\x86\Debug\CL.read.1.tlog
D:\Projects\mfct\ext\icu\source\i18n\x86\Debug\cl.write.1.tlog
D:\Projects\mfct\ext\icu\source\i18n\x86\Debug\coleitr.obj
D:\Projects\mfct\ext\icu\source\i18n\x86\Debug\coleitr.sbr
D:\Projects\mfct\ext\icu\source\i18n\x86\Debug\coll.obj
D:\Projects\mfct\ext\icu\source\i18n\x86\Debug\coll.sbr
D:\Projects\mfct\ext\icu\source\i18n\x86\Debug\colldata.obj
D:\Projects\mfct\ext\icu\source\i18n\x86\Debug\colldata.sbr
D:\Projects\mfct\ext\icu\source\i18n\x86\Debug\coptccal.obj
D:\Projects\mfct\ext\icu\source\i18n\x86\Debug\coptccal.sbr
D:\Projects\mfct\ext\icu\source\i18n\x86\Debug\cpdtrans.obj
D:\Projects\mfct\ext\icu\source\i18n\x86\Debug\cpdtrans.sbr
D:\Projects\mfct\ext\icu\source\i18n\x86\Debug\csdetect.obj
D:\Projects\mfct\ext\icu\source\i18n\x86\Debug\csdetect.sbr
D:\Projects\mfct\ext\icu\source\i18n\x86\Debug\csmatch.obj
D:\Projects\mfct\ext\icu\source\i18n\x86\Debug\csmatch.sbr
D:\Projects\mfct\ext\icu\source\i18n\x86\Debug\csr2022.obj
D:\Projects\mfct\ext\icu\source\i18n\x86\Debug\csr2022.sbr
D:\Projects\mfct\ext\icu\source\i18n\x86\Debug\csrecog.obj
D:\Projects\mfct\ext\icu\source\i18n\x86\Debug\csrecog.sbr
D:\Projects\mfct\ext\icu\source\i18n\x86\Debug\csrmbcs.obj
D:\Projects\mfct\ext\icu\source\i18n\x86\Debug\csrmbcs.sbr
D:\Projects\mfct\ext\icu\source\i18n\x86\Debug\csrsbcs.obj
D:\Projects\mfct\ext\icu\source\i18n\x86\Debug\csrsbcs.sbr
D:\Projects\mfct\ext\icu\source\i18n\x86\Debug\csrucode.obj
D:\Projects\mfct\ext\icu\source\i18n\x86\Debug\csrucode.sbr
D:\Projects\mfct\ext\icu\source\i18n\x86\Debug\csrutf8.obj
D:\Projects\mfct\ext\icu\source\i18n\x86\Debug\csrutf8.sbr
D:\Projects\mfct\ext\icu\source\i18n\x86\Debug\curramt.obj
D:\Projects\mfct\ext\icu\source\i18n\x86\Debug\curramt.sbr
D:\Projects\mfct\ext\icu\source\i18n\x86\Debug\currfmt.obj
D:\Projects\mfct\ext\icu\source\i18n\x86\Debug\currfmt.sbr
D:\Projects\mfct\ext\icu\source\i18n\x86\Debug\currpinf.obj
D:\Projects\mfct\ext\icu\source\i18n\x86\Debug\currpinf.sbr
D:\Projects\mfct\ext\icu\source\i18n\x86\Debug\currunit.obj
D:\Projects\mfct\ext\icu\source\i18n\x86\Debug\currunit.sbr
D:\Projects\mfct\ext\icu\source\i18n\x86\Debug\custombuild.command.1.tlog
D:\Projects\mfct\ext\icu\source\i18n\x86\Debug\custombuild.read.1.tlog
D:\Projects\mfct\ext\icu\source\i18n\x86\Debug\custombuild.write.1.tlog
D:\Projects\mfct\ext\icu\source\i18n\x86\Debug\datefmt.obj
D:\Projects\mfct\ext\icu\source\i18n\x86\Debug\datefmt.sbr
D:\Projects\mfct\ext\icu\source\i18n\x86\Debug\dcfmtsym.obj
D:\Projects\mfct\ext\icu\source\i18n\x86\Debug\dcfmtsym.sbr
D:\PROJECTS\MFCT\EXT\ICU\SOURCE\I18N\X86\DEBUG\DECCONTEXT.OBJ
D:\PROJECTS\MFCT\EXT\ICU\SOURCE\I18N\X86\DEBUG\DECCONTEXT.SBR
D:\Projects\mfct\ext\icu\source\i18n\x86\Debug\decfmtst.obj
D:\Projects\mfct\ext\icu\source\i18n\x86\Debug\decfmtst.sbr
D:\Projects\mfct\ext\icu\source\i18n\x86\Debug\decimfmt.obj
D:\Projects\mfct\ext\icu\source\i18n\x86\Debug\decimfmt.sbr
D:\PROJECTS\MFCT\EXT\ICU\SOURCE\I18N\X86\DEBUG\DECNUMBER.OBJ
D:\PROJECTS\MFCT\EXT\ICU\SOURCE\I18N\X86\DEBUG\DECNUMBER.SBR
D:\Projects\mfct\ext\icu\source\i18n\x86\Debug\digitlst.obj
D:\Projects\mfct\ext\icu\source\i18n\x86\Debug\digitlst.sbr
D:\Projects\mfct\ext\icu\source\i18n\x86\Debug\dtfmtsym.obj
D:\Projects\mfct\ext\icu\source\i18n\x86\Debug\dtfmtsym.sbr
D:\Projects\mfct\ext\icu\source\i18n\x86\Debug\dtitvfmt.obj
D:\Projects\mfct\ext\icu\source\i18n\x86\Debug\dtitvfmt.sbr
D:\Projects\mfct\ext\icu\source\i18n\x86\Debug\dtitvinf.obj
D:\Projects\mfct\ext\icu\source\i18n\x86\Debug\dtitvinf.sbr
D:\Projects\mfct\ext\icu\source\i18n\x86\Debug\dtptngen.obj
D:\Projects\mfct\ext\icu\source\i18n\x86\Debug\dtptngen.sbr
D:\Projects\mfct\ext\icu\source\i18n\x86\Debug\dtrule.obj
D:\Projects\mfct\ext\icu\source\i18n\x86\Debug\dtrule.sbr
D:\Projects\mfct\ext\icu\source\i18n\x86\Debug\esctrn.obj
D:\Projects\mfct\ext\icu\source\i18n\x86\Debug\esctrn.sbr
D:\Projects\mfct\ext\icu\source\i18n\x86\Debug\ethpccal.obj
D:\Projects\mfct\ext\icu\source\i18n\x86\Debug\ethpccal.sbr
D:\Projects\mfct\ext\icu\source\i18n\x86\Debug\fmtable.obj
D:\Projects\mfct\ext\icu\source\i18n\x86\Debug\fmtable.sbr
D:\Projects\mfct\ext\icu\source\i18n\x86\Debug\fmtable_cnv.obj
D:\Projects\mfct\ext\icu\source\i18n\x86\Debug\fmtable_cnv.sbr
D:\Projects\mfct\ext\icu\source\i18n\x86\Debug\format.obj
D:\Projects\mfct\ext\icu\source\i18n\x86\Debug\format.sbr
D:\Projects\mfct\ext\icu\source\i18n\x86\Debug\fphdlimp.obj
D:\Projects\mfct\ext\icu\source\i18n\x86\Debug\fphdlimp.sbr
D:\Projects\mfct\ext\icu\source\i18n\x86\Debug\fpositer.obj
D:\Projects\mfct\ext\icu\source\i18n\x86\Debug\fpositer.sbr
D:\Projects\mfct\ext\icu\source\i18n\x86\Debug\funcrepl.obj
D:\Projects\mfct\ext\icu\source\i18n\x86\Debug\funcrepl.sbr
D:\Projects\mfct\ext\icu\source\i18n\x86\Debug\gregocal.obj
D:\Projects\mfct\ext\icu\source\i18n\x86\Debug\gregocal.sbr
D:\Projects\mfct\ext\icu\source\i18n\x86\Debug\gregoimp.obj
D:\Projects\mfct\ext\icu\source\i18n\x86\Debug\gregoimp.sbr
D:\Projects\mfct\ext\icu\source\i18n\x86\Debug\hebrwcal.obj
D:\Projects\mfct\ext\icu\source\i18n\x86\Debug\hebrwcal.sbr
D:\PROJECTS\MFCT\EXT\ICU\SOURCE\I18N\X86\DEBUG\I18N.DLL.EMBED.MANIFEST
D:\PROJECTS\MFCT\EXT\ICU\SOURCE\I18N\X86\DEBUG\I18N.DLL.EMBED.MANIFEST.RES
D:\PROJECTS\MFCT\EXT\ICU\SOURCE\I18N\X86\DEBUG\I18N.DLL.INTERMEDIATE.MANIFEST
D:\PROJECTS\MFCT\EXT\ICU\SOURCE\I18N\X86\DEBUG\I18N.RES
D:\Projects\mfct\ext\icu\source\i18n\x86\Debug\i18n.write.1.tlog
D:\Projects\mfct\ext\icu\source\i18n\x86\Debug\i18n_manifest.rc
D:\Projects\mfct\ext\icu\source\i18n\x86\Debug\indiancal.obj
D:\Projects\mfct\ext\icu\source\i18n\x86\Debug\indiancal.sbr
D:\Projects\mfct\ext\icu\source\i18n\x86\Debug\inputext.obj
D:\Projects\mfct\ext\icu\source\i18n\x86\Debug\inputext.sbr
D:\Projects\mfct\ext\icu\source\i18n\x86\Debug\islamcal.obj
D:\Projects\mfct\ext\icu\source\i18n\x86\Debug\islamcal.sbr
D:\Projects\mfct\ext\icu\source\i18n\x86\Debug\japancal.obj
D:\Projects\mfct\ext\icu\source\i18n\x86\Debug\japancal.sbr
D:\Projects\mfct\ext\icu\source\i18n\x86\Debug\link.command.1.tlog
D:\Projects\mfct\ext\icu\source\i18n\x86\Debug\link.read.1.tlog
D:\Projects\mfct\ext\icu\source\i18n\x86\Debug\link.write.1.tlog
D:\Projects\mfct\ext\icu\source\i18n\x86\Debug\link-cvtres.read.1.tlog
D:\Projects\mfct\ext\icu\source\i18n\x86\Debug\link-cvtres.write.1.tlog
D:\Projects\mfct\ext\icu\source\i18n\x86\Debug\locdspnm.obj
D:\Projects\mfct\ext\icu\source\i18n\x86\Debug\locdspnm.sbr
D:\Projects\mfct\ext\icu\source\i18n\x86\Debug\measfmt.obj
D:\Projects\mfct\ext\icu\source\i18n\x86\Debug\measfmt.sbr
D:\Projects\mfct\ext\icu\source\i18n\x86\Debug\measure.obj
D:\Projects\mfct\ext\icu\source\i18n\x86\Debug\measure.sbr
D:\Projects\mfct\ext\icu\source\i18n\x86\Debug\msgfmt.obj
D:\Projects\mfct\ext\icu\source\i18n\x86\Debug\msgfmt.sbr
D:\Projects\mfct\ext\icu\source\i18n\x86\Debug\mt.command.1.tlog
D:\Projects\mfct\ext\icu\source\i18n\x86\Debug\mt.read.1.tlog
D:\Projects\mfct\ext\icu\source\i18n\x86\Debug\mt.write.1.tlog
D:\Projects\mfct\ext\icu\source\i18n\x86\Debug\name2uni.obj
D:\Projects\mfct\ext\icu\source\i18n\x86\Debug\name2uni.sbr
D:\Projects\mfct\ext\icu\source\i18n\x86\Debug\nfrs.obj
D:\Projects\mfct\ext\icu\source\i18n\x86\Debug\nfrs.sbr
D:\Projects\mfct\ext\icu\source\i18n\x86\Debug\nfrule.obj
D:\Projects\mfct\ext\icu\source\i18n\x86\Debug\nfrule.sbr
D:\Projects\mfct\ext\icu\source\i18n\x86\Debug\nfsubs.obj
D:\Projects\mfct\ext\icu\source\i18n\x86\Debug\nfsubs.sbr
D:\Projects\mfct\ext\icu\source\i18n\x86\Debug\nortrans.obj
D:\Projects\mfct\ext\icu\source\i18n\x86\Debug\nortrans.sbr
D:\Projects\mfct\ext\icu\source\i18n\x86\Debug\nultrans.obj
D:\Projects\mfct\ext\icu\source\i18n\x86\Debug\nultrans.sbr
D:\Projects\mfct\ext\icu\source\i18n\x86\Debug\numfmt.obj
D:\Projects\mfct\ext\icu\source\i18n\x86\Debug\numfmt.sbr
D:\Projects\mfct\ext\icu\source\i18n\x86\Debug\numsys.obj
D:\Projects\mfct\ext\icu\source\i18n\x86\Debug\numsys.sbr
D:\Projects\mfct\ext\icu\source\i18n\x86\Debug\olsontz.obj
D:\Projects\mfct\ext\icu\source\i18n\x86\Debug\olsontz.sbr
D:\Projects\mfct\ext\icu\source\i18n\x86\Debug\persncal.obj
D:\Projects\mfct\ext\icu\source\i18n\x86\Debug\persncal.sbr
D:\Projects\mfct\ext\icu\source\i18n\x86\Debug\plurfmt.obj
D:\Projects\mfct\ext\icu\source\i18n\x86\Debug\plurfmt.sbr
D:\Projects\mfct\ext\icu\source\i18n\x86\Debug\plurrule.obj
D:\Projects\mfct\ext\icu\source\i18n\x86\Debug\plurrule.sbr
D:\Projects\mfct\ext\icu\source\i18n\x86\Debug\quant.obj
D:\Projects\mfct\ext\icu\source\i18n\x86\Debug\quant.sbr
D:\Projects\mfct\ext\icu\source\i18n\x86\Debug\rbnf.obj
D:\Projects\mfct\ext\icu\source\i18n\x86\Debug\rbnf.sbr
D:\Projects\mfct\ext\icu\source\i18n\x86\Debug\rbt.obj
D:\Projects\mfct\ext\icu\source\i18n\x86\Debug\rbt.sbr
D:\Projects\mfct\ext\icu\source\i18n\x86\Debug\rbt_data.obj
D:\Projects\mfct\ext\icu\source\i18n\x86\Debug\rbt_data.sbr
D:\Projects\mfct\ext\icu\source\i18n\x86\Debug\rbt_pars.obj
D:\Projects\mfct\ext\icu\source\i18n\x86\Debug\rbt_pars.sbr
D:\Projects\mfct\ext\icu\source\i18n\x86\Debug\rbt_rule.obj
D:\Projects\mfct\ext\icu\source\i18n\x86\Debug\rbt_rule.sbr
D:\Projects\mfct\ext\icu\source\i18n\x86\Debug\rbt_set.obj
D:\Projects\mfct\ext\icu\source\i18n\x86\Debug\rbt_set.sbr
D:\Projects\mfct\ext\icu\source\i18n\x86\Debug\rbtz.obj
D:\Projects\mfct\ext\icu\source\i18n\x86\Debug\rbtz.sbr
D:\Projects\mfct\ext\icu\source\i18n\x86\Debug\rc.command.1.tlog
D:\Projects\mfct\ext\icu\source\i18n\x86\Debug\rc.read.1.tlog
D:\Projects\mfct\ext\icu\source\i18n\x86\Debug\rc.write.1.tlog
D:\Projects\mfct\ext\icu\source\i18n\x86\Debug\regexcmp.obj
D:\Projects\mfct\ext\icu\source\i18n\x86\Debug\regexcmp.sbr
D:\Projects\mfct\ext\icu\source\i18n\x86\Debug\regexst.obj
D:\Projects\mfct\ext\icu\source\i18n\x86\Debug\regexst.sbr
D:\Projects\mfct\ext\icu\source\i18n\x86\Debug\regextxt.obj
D:\Projects\mfct\ext\icu\source\i18n\x86\Debug\regextxt.sbr
D:\Projects\mfct\ext\icu\source\i18n\x86\Debug\reldtfmt.obj
D:\Projects\mfct\ext\icu\source\i18n\x86\Debug\reldtfmt.sbr
D:\Projects\mfct\ext\icu\source\i18n\x86\Debug\rematch.obj
D:\Projects\mfct\ext\icu\source\i18n\x86\Debug\rematch.sbr
D:\Projects\mfct\ext\icu\source\i18n\x86\Debug\remtrans.obj
D:\Projects\mfct\ext\icu\source\i18n\x86\Debug\remtrans.sbr
D:\Projects\mfct\ext\icu\source\i18n\x86\Debug\repattrn.obj
D:\Projects\mfct\ext\icu\source\i18n\x86\Debug\repattrn.sbr
D:\Projects\mfct\ext\icu\source\i18n\x86\Debug\search.obj
D:\Projects\mfct\ext\icu\source\i18n\x86\Debug\search.sbr
D:\Projects\mfct\ext\icu\source\i18n\x86\Debug\selfmt.obj
D:\Projects\mfct\ext\icu\source\i18n\x86\Debug\selfmt.sbr
D:\Projects\mfct\ext\icu\source\i18n\x86\Debug\simpletz.obj
D:\Projects\mfct\ext\icu\source\i18n\x86\Debug\simpletz.sbr
D:\Projects\mfct\ext\icu\source\i18n\x86\Debug\smpdtfmt.obj
D:\Projects\mfct\ext\icu\source\i18n\x86\Debug\smpdtfmt.sbr
D:\Projects\mfct\ext\icu\source\i18n\x86\Debug\smpdtfst.obj
D:\Projects\mfct\ext\icu\source\i18n\x86\Debug\smpdtfst.sbr
D:\Projects\mfct\ext\icu\source\i18n\x86\Debug\sortkey.obj
D:\Projects\mfct\ext\icu\source\i18n\x86\Debug\sortkey.sbr
D:\Projects\mfct\ext\icu\source\i18n\x86\Debug\strmatch.obj
D:\Projects\mfct\ext\icu\source\i18n\x86\Debug\strmatch.sbr
D:\Projects\mfct\ext\icu\source\i18n\x86\Debug\strrepl.obj
D:\Projects\mfct\ext\icu\source\i18n\x86\Debug\strrepl.sbr
D:\Projects\mfct\ext\icu\source\i18n\x86\Debug\stsearch.obj
D:\Projects\mfct\ext\icu\source\i18n\x86\Debug\stsearch.sbr
D:\Projects\mfct\ext\icu\source\i18n\x86\Debug\zonemeta.obj
D:\Projects\mfct\ext\icu\source\i18n\x86\Debug\zonemeta.sbr
D:\Projects\mfct\ext\icu\source\i18n\x86\Debug\zrule.obj
D:\Projects\mfct\ext\icu\source\i18n\x86\Debug\zrule.sbr
D:\Projects\mfct\ext\icu\source\i18n\x86\Debug\ztrans.obj
D:\Projects\mfct\ext\icu\source\i18n\x86\Debug\ztrans.sbr
D:\Projects\mfct\ext\icu\source\i18n\x86\Debug\taiwncal.obj
D:\Projects\mfct\ext\icu\source\i18n\x86\Debug\taiwncal.sbr
D:\Projects\mfct\ext\icu\source\i18n\x86\Debug\tblcoll.obj
D:\Projects\mfct\ext\icu\source\i18n\x86\Debug\tblcoll.sbr
D:\Projects\mfct\ext\icu\source\i18n\x86\Debug\timezone.obj
D:\Projects\mfct\ext\icu\source\i18n\x86\Debug\timezone.sbr
D:\Projects\mfct\ext\icu\source\i18n\x86\Debug\titletrn.obj
D:\Projects\mfct\ext\icu\source\i18n\x86\Debug\titletrn.sbr
D:\Projects\mfct\ext\icu\source\i18n\x86\Debug\tmunit.obj
D:\Projects\mfct\ext\icu\source\i18n\x86\Debug\tmunit.sbr
D:\Projects\mfct\ext\icu\source\i18n\x86\Debug\tmutamt.obj
D:\Projects\mfct\ext\icu\source\i18n\x86\Debug\tmutamt.sbr
D:\Projects\mfct\ext\icu\source\i18n\x86\Debug\tmutfmt.obj
D:\Projects\mfct\ext\icu\source\i18n\x86\Debug\tmutfmt.sbr
D:\Projects\mfct\ext\icu\source\i18n\x86\Debug\tolowtrn.obj
D:\Projects\mfct\ext\icu\source\i18n\x86\Debug\tolowtrn.sbr
D:\Projects\mfct\ext\icu\source\i18n\x86\Debug\toupptrn.obj
D:\Projects\mfct\ext\icu\source\i18n\x86\Debug\toupptrn.sbr
D:\Projects\mfct\ext\icu\source\i18n\x86\Debug\translit.obj
D:\Projects\mfct\ext\icu\source\i18n\x86\Debug\translit.sbr
D:\Projects\mfct\ext\icu\source\i18n\x86\Debug\transreg.obj
D:\Projects\mfct\ext\icu\source\i18n\x86\Debug\transreg.sbr
D:\Projects\mfct\ext\icu\source\i18n\x86\Debug\tridpars.obj
D:\Projects\mfct\ext\icu\source\i18n\x86\Debug\tridpars.sbr
D:\Projects\mfct\ext\icu\source\i18n\x86\Debug\tzfmt.obj
D:\Projects\mfct\ext\icu\source\i18n\x86\Debug\tzfmt.sbr
D:\Projects\mfct\ext\icu\source\i18n\x86\Debug\tzgnames.obj
D:\Projects\mfct\ext\icu\source\i18n\x86\Debug\tzgnames.sbr
D:\Projects\mfct\ext\icu\source\i18n\x86\Debug\tznames.obj
D:\Projects\mfct\ext\icu\source\i18n\x86\Debug\tznames.sbr
D:\Projects\mfct\ext\icu\source\i18n\x86\Debug\tznames_impl.obj
D:\Projects\mfct\ext\icu\source\i18n\x86\Debug\tznames_impl.sbr
D:\Projects\mfct\ext\icu\source\i18n\x86\Debug\tzrule.obj
D:\Projects\mfct\ext\icu\source\i18n\x86\Debug\tzrule.sbr
D:\Projects\mfct\ext\icu\source\i18n\x86\Debug\tztrans.obj
D:\Projects\mfct\ext\icu\source\i18n\x86\Debug\tztrans.sbr
D:\Projects\mfct\ext\icu\source\i18n\x86\Debug\ucal.obj
D:\Projects\mfct\ext\icu\source\i18n\x86\Debug\ucal.sbr
D:\PROJECTS\MFCT\EXT\ICU\SOURCE\I18N\X86\DEBUG\UCLN_IN.OBJ
D:\PROJECTS\MFCT\EXT\ICU\SOURCE\I18N\X86\DEBUG\UCLN_IN.SBR
D:\Projects\mfct\ext\icu\source\i18n\x86\Debug\ucol.obj
D:\Projects\mfct\ext\icu\source\i18n\x86\Debug\ucol.sbr
D:\Projects\mfct\ext\icu\source\i18n\x86\Debug\ucol_bld.obj
D:\Projects\mfct\ext\icu\source\i18n\x86\Debug\ucol_bld.sbr
D:\Projects\mfct\ext\icu\source\i18n\x86\Debug\ucol_cnt.obj
D:\Projects\mfct\ext\icu\source\i18n\x86\Debug\ucol_cnt.sbr
D:\Projects\mfct\ext\icu\source\i18n\x86\Debug\ucol_elm.obj
D:\Projects\mfct\ext\icu\source\i18n\x86\Debug\ucol_elm.sbr
D:\Projects\mfct\ext\icu\source\i18n\x86\Debug\ucol_res.obj
D:\Projects\mfct\ext\icu\source\i18n\x86\Debug\ucol_res.sbr
D:\Projects\mfct\ext\icu\source\i18n\x86\Debug\ucol_sit.obj
D:\Projects\mfct\ext\icu\source\i18n\x86\Debug\ucol_sit.sbr
D:\Projects\mfct\ext\icu\source\i18n\x86\Debug\ucol_tok.obj
D:\Projects\mfct\ext\icu\source\i18n\x86\Debug\ucol_tok.sbr
D:\Projects\mfct\ext\icu\source\i18n\x86\Debug\ucol_wgt.obj
D:\Projects\mfct\ext\icu\source\i18n\x86\Debug\ucol_wgt.sbr
D:\Projects\mfct\ext\icu\source\i18n\x86\Debug\ucoleitr.obj
D:\Projects\mfct\ext\icu\source\i18n\x86\Debug\ucoleitr.sbr
D:\Projects\mfct\ext\icu\source\i18n\x86\Debug\ucsdet.obj
D:\Projects\mfct\ext\icu\source\i18n\x86\Debug\ucsdet.sbr
D:\Projects\mfct\ext\icu\source\i18n\x86\Debug\ucurr.obj
D:\Projects\mfct\ext\icu\source\i18n\x86\Debug\ucurr.sbr
D:\Projects\mfct\ext\icu\source\i18n\x86\Debug\udat.obj
D:\Projects\mfct\ext\icu\source\i18n\x86\Debug\udat.sbr
D:\Projects\mfct\ext\icu\source\i18n\x86\Debug\udateintervalformat.obj
D:\Projects\mfct\ext\icu\source\i18n\x86\Debug\udateintervalformat.sbr
D:\Projects\mfct\ext\icu\source\i18n\x86\Debug\udatpg.obj
D:\Projects\mfct\ext\icu\source\i18n\x86\Debug\udatpg.sbr
D:\PROJECTS\MFCT\EXT\ICU\SOURCE\I18N\X86\DEBUG\ULOCDATA.OBJ
D:\PROJECTS\MFCT\EXT\ICU\SOURCE\I18N\X86\DEBUG\ULOCDATA.SBR
D:\Projects\mfct\ext\icu\source\i18n\x86\Debug\umsg.obj
D:\Projects\mfct\ext\icu\source\i18n\x86\Debug\umsg.sbr
D:\Projects\mfct\ext\icu\source\i18n\x86\Debug\unesctrn.obj
D:\Projects\mfct\ext\icu\source\i18n\x86\Debug\unesctrn.sbr
D:\Projects\mfct\ext\icu\source\i18n\x86\Debug\uni2name.obj
D:\Projects\mfct\ext\icu\source\i18n\x86\Debug\uni2name.sbr
D:\Projects\mfct\ext\icu\source\i18n\x86\Debug\unum.obj
D:\Projects\mfct\ext\icu\source\i18n\x86\Debug\unum.sbr
D:\Projects\mfct\ext\icu\source\i18n\x86\Debug\upluralrules.obj
D:\Projects\mfct\ext\icu\source\i18n\x86\Debug\upluralrules.sbr
D:\Projects\mfct\ext\icu\source\i18n\x86\Debug\uregex.obj
D:\Projects\mfct\ext\icu\source\i18n\x86\Debug\uregex.sbr
D:\Projects\mfct\ext\icu\source\i18n\x86\Debug\uregexc.obj
D:\Projects\mfct\ext\icu\source\i18n\x86\Debug\uregexc.sbr
D:\Projects\mfct\ext\icu\source\i18n\x86\Debug\usearch.obj
D:\Projects\mfct\ext\icu\source\i18n\x86\Debug\usearch.sbr
D:\Projects\mfct\ext\icu\source\i18n\x86\Debug\uspoof.obj
D:\Projects\mfct\ext\icu\source\i18n\x86\Debug\uspoof.sbr
D:\Projects\mfct\ext\icu\source\i18n\x86\Debug\uspoof_build.obj
D:\Projects\mfct\ext\icu\source\i18n\x86\Debug\uspoof_build.sbr
D:\Projects\mfct\ext\icu\source\i18n\x86\Debug\uspoof_conf.obj
D:\Projects\mfct\ext\icu\source\i18n\x86\Debug\uspoof_conf.sbr
D:\Projects\mfct\ext\icu\source\i18n\x86\Debug\uspoof_impl.obj
D:\Projects\mfct\ext\icu\source\i18n\x86\Debug\uspoof_impl.sbr
D:\Projects\mfct\ext\icu\source\i18n\x86\Debug\uspoof_wsconf.obj
D:\Projects\mfct\ext\icu\source\i18n\x86\Debug\uspoof_wsconf.sbr
D:\PROJECTS\MFCT\EXT\ICU\SOURCE\I18N\X86\DEBUG\UTMSCALE.OBJ
D:\PROJECTS\MFCT\EXT\ICU\SOURCE\I18N\X86\DEBUG\UTMSCALE.SBR
D:\Projects\mfct\ext\icu\source\i18n\x86\Debug\utrans.obj
D:\Projects\mfct\ext\icu\source\i18n\x86\Debug\utrans.sbr
D:\Projects\mfct\ext\icu\source\i18n\x86\Debug\vc100.idb
D:\PROJECTS\MFCT\EXT\ICU\SOURCE\I18N\X86\DEBUG\VC100.PDB
D:\PROJECTS\MFCT\EXT\ICU\SOURCE\I18N\X86\DEBUG\WINDTFMT.OBJ
D:\PROJECTS\MFCT\EXT\ICU\SOURCE\I18N\X86\DEBUG\WINDTFMT.SBR
D:\PROJECTS\MFCT\EXT\ICU\SOURCE\I18N\X86\DEBUG\WINNMFMT.OBJ
D:\PROJECTS\MFCT\EXT\ICU\SOURCE\I18N\X86\DEBUG\WINNMFMT.SBR
D:\PROJECTS\MFCT\EXT\ICU\SOURCE\I18N\X86\DEBUG\WINTZIMPL.OBJ
D:\PROJECTS\MFCT\EXT\ICU\SOURCE\I18N\X86\DEBUG\WINTZIMPL.SBR
D:\Projects\mfct\ext\icu\source\i18n\x86\Debug\vzone.obj
D:\Projects\mfct\ext\icu\source\i18n\x86\Debug\vzone.sbr
D:\Projects\mfct\ext\icu\source\i18n\x86\Debug\vtzone.obj
D:\Projects\mfct\ext\icu\source\i18n\x86\Debug\vtzone.sbr
