D:\PROJECTS\MFCT\DEBUG\COMMON.BSC
D:\PROJECTS\MFCT\EXT\ICU\BIN\ICUUC48D.DLL
D:\PROJECTS\MFCT\EXT\ICU\BIN\ICUUC48D.ILK
D:\PROJECTS\MFCT\EXT\ICU\INCLUDE\UNICODE\APPENDABLE.H
D:\PROJECTS\MFCT\EXT\ICU\INCLUDE\UNICODE\BRKITER.H
D:\PROJECTS\MFCT\EXT\ICU\INCLUDE\UNICODE\BYTESTREAM.H
D:\PROJECTS\MFCT\EXT\ICU\INCLUDE\UNICODE\BYTESTRIE.H
D:\PROJECTS\MFCT\EXT\ICU\INCLUDE\UNICODE\BYTESTRIEBUILDER.H
D:\PROJECTS\MFCT\EXT\ICU\INCLUDE\UNICODE\CANITER.H
D:\PROJECTS\MFCT\EXT\ICU\INCLUDE\UNICODE\CHARITER.H
D:\PROJECTS\MFCT\EXT\ICU\INCLUDE\UNICODE\DBBI.H
D:\PROJECTS\MFCT\EXT\ICU\INCLUDE\UNICODE\DOCMAIN.H
D:\PROJECTS\MFCT\EXT\ICU\INCLUDE\UNICODE\DTINTRV.H
D:\PROJECTS\MFCT\EXT\ICU\INCLUDE\UNICODE\ERRORCODE.H
D:\PROJECTS\MFCT\EXT\ICU\INCLUDE\UNICODE\ICUDATAVER.H
D:\PROJECTS\MFCT\EXT\ICU\INCLUDE\UNICODE\ICUPLUG.H
D:\PROJECTS\MFCT\EXT\ICU\INCLUDE\UNICODE\IDNA.H
D:\PROJECTS\MFCT\EXT\ICU\INCLUDE\UNICODE\LOCALPOINTER.H
D:\PROJECTS\MFCT\EXT\ICU\INCLUDE\UNICODE\LOCID.H
D:\PROJECTS\MFCT\EXT\ICU\INCLUDE\UNICODE\MESSAGEPATTERN.H
D:\PROJECTS\MFCT\EXT\ICU\INCLUDE\UNICODE\NORMALIZER2.H
D:\PROJECTS\MFCT\EXT\ICU\INCLUDE\UNICODE\NORMLZR.H
D:\PROJECTS\MFCT\EXT\ICU\INCLUDE\UNICODE\PARSEERR.H
D:\PROJECTS\MFCT\EXT\ICU\INCLUDE\UNICODE\PARSEPOS.H
D:\PROJECTS\MFCT\EXT\ICU\INCLUDE\UNICODE\PLATFORM.H
D:\PROJECTS\MFCT\EXT\ICU\INCLUDE\UNICODE\PUTIL.H
D:\PROJECTS\MFCT\EXT\ICU\INCLUDE\UNICODE\PWIN32.H
D:\PROJECTS\MFCT\EXT\ICU\INCLUDE\UNICODE\RBBI.H
D:\PROJECTS\MFCT\EXT\ICU\INCLUDE\UNICODE\REP.H
D:\PROJECTS\MFCT\EXT\ICU\INCLUDE\UNICODE\RESBUND.H
D:\PROJECTS\MFCT\EXT\ICU\INCLUDE\UNICODE\SCHRITER.H
D:\PROJECTS\MFCT\EXT\ICU\INCLUDE\UNICODE\STD_STRING.H
D:\PROJECTS\MFCT\EXT\ICU\INCLUDE\UNICODE\STRENUM.H
D:\PROJECTS\MFCT\EXT\ICU\INCLUDE\UNICODE\STRINGPIECE.H
D:\PROJECTS\MFCT\EXT\ICU\INCLUDE\UNICODE\STRINGTRIEBUILDER.H
D:\PROJECTS\MFCT\EXT\ICU\INCLUDE\UNICODE\SYMTABLE.H
D:\PROJECTS\MFCT\EXT\ICU\INCLUDE\UNICODE\UBIDI.H
D:\PROJECTS\MFCT\EXT\ICU\INCLUDE\UNICODE\UBRK.H
D:\PROJECTS\MFCT\EXT\ICU\INCLUDE\UNICODE\UCASEMAP.H
D:\PROJECTS\MFCT\EXT\ICU\INCLUDE\UNICODE\UCAT.H
D:\PROJECTS\MFCT\EXT\ICU\INCLUDE\UNICODE\UCHAR.H
D:\PROJECTS\MFCT\EXT\ICU\INCLUDE\UNICODE\UCHARSTRIE.H
D:\PROJECTS\MFCT\EXT\ICU\INCLUDE\UNICODE\UCHARSTRIEBUILDER.H
D:\PROJECTS\MFCT\EXT\ICU\INCLUDE\UNICODE\UCHRITER.H
D:\PROJECTS\MFCT\EXT\ICU\INCLUDE\UNICODE\UCLEAN.H
D:\PROJECTS\MFCT\EXT\ICU\INCLUDE\UNICODE\UCNV.H
D:\PROJECTS\MFCT\EXT\ICU\INCLUDE\UNICODE\UCNV_CB.H
D:\PROJECTS\MFCT\EXT\ICU\INCLUDE\UNICODE\UCNV_ERR.H
D:\PROJECTS\MFCT\EXT\ICU\INCLUDE\UNICODE\UCNVSEL.H
D:\PROJECTS\MFCT\EXT\ICU\INCLUDE\UNICODE\UCONFIG.H
D:\PROJECTS\MFCT\EXT\ICU\INCLUDE\UNICODE\UDATA.H
D:\PROJECTS\MFCT\EXT\ICU\INCLUDE\UNICODE\UDEPRCTD.H
D:\PROJECTS\MFCT\EXT\ICU\INCLUDE\UNICODE\UDRAFT.H
D:\PROJECTS\MFCT\EXT\ICU\INCLUDE\UNICODE\UENUM.H
D:\PROJECTS\MFCT\EXT\ICU\INCLUDE\UNICODE\UIDNA.H
D:\PROJECTS\MFCT\EXT\ICU\INCLUDE\UNICODE\UINTRNAL.H
D:\PROJECTS\MFCT\EXT\ICU\INCLUDE\UNICODE\UITER.H
D:\PROJECTS\MFCT\EXT\ICU\INCLUDE\UNICODE\ULOC.H
D:\PROJECTS\MFCT\EXT\ICU\INCLUDE\UNICODE\UMACHINE.H
D:\PROJECTS\MFCT\EXT\ICU\INCLUDE\UNICODE\UMISC.H
D:\PROJECTS\MFCT\EXT\ICU\INCLUDE\UNICODE\UNIFILT.H
D:\PROJECTS\MFCT\EXT\ICU\INCLUDE\UNICODE\UNIFUNCT.H
D:\PROJECTS\MFCT\EXT\ICU\INCLUDE\UNICODE\UNIMATCH.H
D:\PROJECTS\MFCT\EXT\ICU\INCLUDE\UNICODE\UNISET.H
D:\PROJECTS\MFCT\EXT\ICU\INCLUDE\UNICODE\UNISTR.H
D:\PROJECTS\MFCT\EXT\ICU\INCLUDE\UNICODE\UNORM.H
D:\PROJECTS\MFCT\EXT\ICU\INCLUDE\UNICODE\UNORM2.H
D:\PROJECTS\MFCT\EXT\ICU\INCLUDE\UNICODE\UOBJECT.H
D:\PROJECTS\MFCT\EXT\ICU\INCLUDE\UNICODE\UOBSLETE.H
D:\PROJECTS\MFCT\EXT\ICU\INCLUDE\UNICODE\URENAME.H
D:\PROJECTS\MFCT\EXT\ICU\INCLUDE\UNICODE\UREP.H
D:\PROJECTS\MFCT\EXT\ICU\INCLUDE\UNICODE\URES.H
D:\PROJECTS\MFCT\EXT\ICU\INCLUDE\UNICODE\USCRIPT.H
D:\PROJECTS\MFCT\EXT\ICU\INCLUDE\UNICODE\USET.H
D:\PROJECTS\MFCT\EXT\ICU\INCLUDE\UNICODE\USETITER.H
D:\PROJECTS\MFCT\EXT\ICU\INCLUDE\UNICODE\USHAPE.H
D:\PROJECTS\MFCT\EXT\ICU\INCLUDE\UNICODE\USPREP.H
D:\PROJECTS\MFCT\EXT\ICU\INCLUDE\UNICODE\USTRING.H
D:\PROJECTS\MFCT\EXT\ICU\INCLUDE\UNICODE\USTRINGTRIE.H
D:\PROJECTS\MFCT\EXT\ICU\INCLUDE\UNICODE\USYSTEM.H
D:\PROJECTS\MFCT\EXT\ICU\INCLUDE\UNICODE\UTEXT.H
D:\PROJECTS\MFCT\EXT\ICU\INCLUDE\UNICODE\UTF.H
D:\PROJECTS\MFCT\EXT\ICU\INCLUDE\UNICODE\UTF_OLD.H
D:\PROJECTS\MFCT\EXT\ICU\INCLUDE\UNICODE\UTF16.H
D:\PROJECTS\MFCT\EXT\ICU\INCLUDE\UNICODE\UTF32.H
D:\PROJECTS\MFCT\EXT\ICU\INCLUDE\UNICODE\UTF8.H
D:\PROJECTS\MFCT\EXT\ICU\INCLUDE\UNICODE\UTRACE.H
D:\PROJECTS\MFCT\EXT\ICU\INCLUDE\UNICODE\UTYPES.H
D:\PROJECTS\MFCT\EXT\ICU\INCLUDE\UNICODE\UVERNUM.H
D:\PROJECTS\MFCT\EXT\ICU\INCLUDE\UNICODE\UVERSION.H
D:\Projects\mfct\ext\icu\lib\icuucd.exp
D:\Projects\mfct\ext\icu\lib\icuucd.lib
D:\PROJECTS\MFCT\EXT\ICU\LIB\ICUUCD.PDB
D:\PROJECTS\MFCT\EXT\ICU\SOURCE\COMMON\UNICODE\PLATFORM.H
D:\PROJECTS\MFCT\EXT\ICU\SOURCE\COMMON\X86\DEBUG\APPENDABLE.OBJ
D:\PROJECTS\MFCT\EXT\ICU\SOURCE\COMMON\X86\DEBUG\APPENDABLE.SBR
D:\PROJECTS\MFCT\EXT\ICU\SOURCE\COMMON\X86\DEBUG\BMPSET.OBJ
D:\PROJECTS\MFCT\EXT\ICU\SOURCE\COMMON\X86\DEBUG\BMPSET.SBR
D:\PROJECTS\MFCT\EXT\ICU\SOURCE\COMMON\X86\DEBUG\BRKENG.OBJ
D:\PROJECTS\MFCT\EXT\ICU\SOURCE\COMMON\X86\DEBUG\BRKENG.SBR
D:\PROJECTS\MFCT\EXT\ICU\SOURCE\COMMON\X86\DEBUG\BRKITER.OBJ
D:\PROJECTS\MFCT\EXT\ICU\SOURCE\COMMON\X86\DEBUG\BRKITER.SBR
D:\Projects\mfct\ext\icu\source\common\x86\Debug\BscMake.command.1.tlog
D:\Projects\mfct\ext\icu\source\common\x86\Debug\bscmake.read.1.tlog
D:\Projects\mfct\ext\icu\source\common\x86\Debug\bscmake.write.1.tlog
D:\PROJECTS\MFCT\EXT\ICU\SOURCE\COMMON\X86\DEBUG\BYTESTREAM.OBJ
D:\PROJECTS\MFCT\EXT\ICU\SOURCE\COMMON\X86\DEBUG\BYTESTREAM.SBR
D:\PROJECTS\MFCT\EXT\ICU\SOURCE\COMMON\X86\DEBUG\BYTESTRIE.OBJ
D:\PROJECTS\MFCT\EXT\ICU\SOURCE\COMMON\X86\DEBUG\BYTESTRIE.SBR
D:\PROJECTS\MFCT\EXT\ICU\SOURCE\COMMON\X86\DEBUG\BYTESTRIEBUILDER.OBJ
D:\PROJECTS\MFCT\EXT\ICU\SOURCE\COMMON\X86\DEBUG\BYTESTRIEBUILDER.SBR
D:\PROJECTS\MFCT\EXT\ICU\SOURCE\COMMON\X86\DEBUG\BYTESTRIEITERATOR.OBJ
D:\PROJECTS\MFCT\EXT\ICU\SOURCE\COMMON\X86\DEBUG\BYTESTRIEITERATOR.SBR
D:\PROJECTS\MFCT\EXT\ICU\SOURCE\COMMON\X86\DEBUG\CANITER.OBJ
D:\PROJECTS\MFCT\EXT\ICU\SOURCE\COMMON\X86\DEBUG\CANITER.SBR
D:\PROJECTS\MFCT\EXT\ICU\SOURCE\COMMON\X86\DEBUG\CHARITER.OBJ
D:\PROJECTS\MFCT\EXT\ICU\SOURCE\COMMON\X86\DEBUG\CHARITER.SBR
D:\PROJECTS\MFCT\EXT\ICU\SOURCE\COMMON\X86\DEBUG\CHARSTR.OBJ
D:\PROJECTS\MFCT\EXT\ICU\SOURCE\COMMON\X86\DEBUG\CHARSTR.SBR
D:\Projects\mfct\ext\icu\source\common\x86\Debug\CL.11020.read.1.tlog
D:\Projects\mfct\ext\icu\source\common\x86\Debug\CL.11020.write.1.tlog
D:\Projects\mfct\ext\icu\source\common\x86\Debug\CL.11188.read.1.tlog
D:\Projects\mfct\ext\icu\source\common\x86\Debug\CL.11188.write.1.tlog
D:\Projects\mfct\ext\icu\source\common\x86\Debug\CL.4840.read.1.tlog
D:\Projects\mfct\ext\icu\source\common\x86\Debug\CL.4840.write.1.tlog
D:\Projects\mfct\ext\icu\source\common\x86\Debug\CL.5272.read.1.tlog
D:\Projects\mfct\ext\icu\source\common\x86\Debug\CL.5272.write.1.tlog
D:\Projects\mfct\ext\icu\source\common\x86\Debug\CL.5764.read.1.tlog
D:\Projects\mfct\ext\icu\source\common\x86\Debug\CL.5764.write.1.tlog
D:\Projects\mfct\ext\icu\source\common\x86\Debug\CL.6056.read.1.tlog
D:\Projects\mfct\ext\icu\source\common\x86\Debug\CL.6056.write.1.tlog
D:\Projects\mfct\ext\icu\source\common\x86\Debug\CL.6536.read.1.tlog
D:\Projects\mfct\ext\icu\source\common\x86\Debug\CL.6536.write.1.tlog
D:\Projects\mfct\ext\icu\source\common\x86\Debug\CL.6928.read.1.tlog
D:\Projects\mfct\ext\icu\source\common\x86\Debug\CL.6928.write.1.tlog
D:\Projects\mfct\ext\icu\source\common\x86\Debug\CL.7260.read.1.tlog
D:\Projects\mfct\ext\icu\source\common\x86\Debug\CL.7260.write.1.tlog
D:\Projects\mfct\ext\icu\source\common\x86\Debug\CL.8212.read.1.tlog
D:\Projects\mfct\ext\icu\source\common\x86\Debug\CL.8212.write.1.tlog
D:\Projects\mfct\ext\icu\source\common\x86\Debug\CL.8308.read.1.tlog
D:\Projects\mfct\ext\icu\source\common\x86\Debug\CL.8308.write.1.tlog
D:\Projects\mfct\ext\icu\source\common\x86\Debug\CL.8372.read.1.tlog
D:\Projects\mfct\ext\icu\source\common\x86\Debug\CL.8372.write.1.tlog
D:\Projects\mfct\ext\icu\source\common\x86\Debug\CL.8648.read.1.tlog
D:\Projects\mfct\ext\icu\source\common\x86\Debug\CL.8648.write.1.tlog
D:\Projects\mfct\ext\icu\source\common\x86\Debug\CL.8756.read.1.tlog
D:\Projects\mfct\ext\icu\source\common\x86\Debug\CL.8756.write.1.tlog
D:\Projects\mfct\ext\icu\source\common\x86\Debug\CL.9200.read.1.tlog
D:\Projects\mfct\ext\icu\source\common\x86\Debug\CL.9200.write.1.tlog
D:\Projects\mfct\ext\icu\source\common\x86\Debug\CL.9524.read.1.tlog
D:\Projects\mfct\ext\icu\source\common\x86\Debug\CL.9524.write.1.tlog
D:\Projects\mfct\ext\icu\source\common\x86\Debug\CL.9624.read.1.tlog
D:\Projects\mfct\ext\icu\source\common\x86\Debug\CL.9624.write.1.tlog
D:\Projects\mfct\ext\icu\source\common\x86\Debug\CL.9960.read.1.tlog
D:\Projects\mfct\ext\icu\source\common\x86\Debug\CL.9960.write.1.tlog
D:\Projects\mfct\ext\icu\source\common\x86\Debug\cl.command.1.tlog
D:\Projects\mfct\ext\icu\source\common\x86\Debug\CL.read.1.tlog
D:\Projects\mfct\ext\icu\source\common\x86\Debug\cl.write.1.tlog
D:\Projects\mfct\ext\icu\source\common\x86\Debug\cmemory.obj
D:\Projects\mfct\ext\icu\source\common\x86\Debug\cmemory.sbr
D:\PROJECTS\MFCT\EXT\ICU\SOURCE\COMMON\X86\DEBUG\COMMON.DLL.EMBED.MANIFEST
D:\PROJECTS\MFCT\EXT\ICU\SOURCE\COMMON\X86\DEBUG\COMMON.DLL.EMBED.MANIFEST.RES
D:\PROJECTS\MFCT\EXT\ICU\SOURCE\COMMON\X86\DEBUG\COMMON.DLL.INTERMEDIATE.MANIFEST
D:\PROJECTS\MFCT\EXT\ICU\SOURCE\COMMON\X86\DEBUG\COMMON.RES
D:\Projects\mfct\ext\icu\source\common\x86\Debug\common.write.1.tlog
D:\Projects\mfct\ext\icu\source\common\x86\Debug\common_manifest.rc
D:\Projects\mfct\ext\icu\source\common\x86\Debug\cstring.obj
D:\Projects\mfct\ext\icu\source\common\x86\Debug\cstring.sbr
D:\Projects\mfct\ext\icu\source\common\x86\Debug\custombuild.command.1.tlog
D:\Projects\mfct\ext\icu\source\common\x86\Debug\custombuild.read.1.tlog
D:\Projects\mfct\ext\icu\source\common\x86\Debug\custombuild.write.1.tlog
D:\Projects\mfct\ext\icu\source\common\x86\Debug\cwchar.obj
D:\Projects\mfct\ext\icu\source\common\x86\Debug\cwchar.sbr
D:\PROJECTS\MFCT\EXT\ICU\SOURCE\COMMON\X86\DEBUG\DICTBE.OBJ
D:\PROJECTS\MFCT\EXT\ICU\SOURCE\COMMON\X86\DEBUG\DICTBE.SBR
D:\PROJECTS\MFCT\EXT\ICU\SOURCE\COMMON\X86\DEBUG\DTINTRV.OBJ
D:\PROJECTS\MFCT\EXT\ICU\SOURCE\COMMON\X86\DEBUG\DTINTRV.SBR
D:\PROJECTS\MFCT\EXT\ICU\SOURCE\COMMON\X86\DEBUG\ERRORCODE.OBJ
D:\PROJECTS\MFCT\EXT\ICU\SOURCE\COMMON\X86\DEBUG\ERRORCODE.SBR
D:\PROJECTS\MFCT\EXT\ICU\SOURCE\COMMON\X86\DEBUG\FILTEREDNORMALIZER2.OBJ
D:\PROJECTS\MFCT\EXT\ICU\SOURCE\COMMON\X86\DEBUG\FILTEREDNORMALIZER2.SBR
D:\Projects\mfct\ext\icu\source\common\x86\Debug\icudataver.obj
D:\Projects\mfct\ext\icu\source\common\x86\Debug\icudataver.sbr
D:\Projects\mfct\ext\icu\source\common\x86\Debug\icuplug.obj
D:\Projects\mfct\ext\icu\source\common\x86\Debug\icuplug.sbr
D:\Projects\mfct\ext\icu\source\common\x86\Debug\link.command.1.tlog
D:\Projects\mfct\ext\icu\source\common\x86\Debug\link.read.1.tlog
D:\Projects\mfct\ext\icu\source\common\x86\Debug\link.write.1.tlog
D:\Projects\mfct\ext\icu\source\common\x86\Debug\link-cvtres.read.1.tlog
D:\Projects\mfct\ext\icu\source\common\x86\Debug\link-cvtres.write.1.tlog
D:\PROJECTS\MFCT\EXT\ICU\SOURCE\COMMON\X86\DEBUG\LOCAVAILABLE.OBJ
D:\PROJECTS\MFCT\EXT\ICU\SOURCE\COMMON\X86\DEBUG\LOCAVAILABLE.SBR
D:\PROJECTS\MFCT\EXT\ICU\SOURCE\COMMON\X86\DEBUG\LOCBASED.OBJ
D:\PROJECTS\MFCT\EXT\ICU\SOURCE\COMMON\X86\DEBUG\LOCBASED.SBR
D:\PROJECTS\MFCT\EXT\ICU\SOURCE\COMMON\X86\DEBUG\LOCDISPNAMES.OBJ
D:\PROJECTS\MFCT\EXT\ICU\SOURCE\COMMON\X86\DEBUG\LOCDISPNAMES.SBR
D:\PROJECTS\MFCT\EXT\ICU\SOURCE\COMMON\X86\DEBUG\LOCID.OBJ
D:\PROJECTS\MFCT\EXT\ICU\SOURCE\COMMON\X86\DEBUG\LOCID.SBR
D:\PROJECTS\MFCT\EXT\ICU\SOURCE\COMMON\X86\DEBUG\LOCLIKELY.OBJ
D:\PROJECTS\MFCT\EXT\ICU\SOURCE\COMMON\X86\DEBUG\LOCLIKELY.SBR
D:\PROJECTS\MFCT\EXT\ICU\SOURCE\COMMON\X86\DEBUG\LOCMAP.OBJ
D:\PROJECTS\MFCT\EXT\ICU\SOURCE\COMMON\X86\DEBUG\LOCMAP.SBR
D:\PROJECTS\MFCT\EXT\ICU\SOURCE\COMMON\X86\DEBUG\LOCRESDATA.OBJ
D:\PROJECTS\MFCT\EXT\ICU\SOURCE\COMMON\X86\DEBUG\LOCRESDATA.SBR
D:\PROJECTS\MFCT\EXT\ICU\SOURCE\COMMON\X86\DEBUG\LOCUTIL.OBJ
D:\PROJECTS\MFCT\EXT\ICU\SOURCE\COMMON\X86\DEBUG\LOCUTIL.SBR
D:\PROJECTS\MFCT\EXT\ICU\SOURCE\COMMON\X86\DEBUG\MESSAGEPATTERN.OBJ
D:\PROJECTS\MFCT\EXT\ICU\SOURCE\COMMON\X86\DEBUG\MESSAGEPATTERN.SBR
D:\Projects\mfct\ext\icu\source\common\x86\Debug\mt.command.1.tlog
D:\Projects\mfct\ext\icu\source\common\x86\Debug\mt.read.1.tlog
D:\Projects\mfct\ext\icu\source\common\x86\Debug\mt.write.1.tlog
D:\PROJECTS\MFCT\EXT\ICU\SOURCE\COMMON\X86\DEBUG\MUTEX.OBJ
D:\PROJECTS\MFCT\EXT\ICU\SOURCE\COMMON\X86\DEBUG\MUTEX.SBR
D:\PROJECTS\MFCT\EXT\ICU\SOURCE\COMMON\X86\DEBUG\NORMALIZER2.OBJ
D:\PROJECTS\MFCT\EXT\ICU\SOURCE\COMMON\X86\DEBUG\NORMALIZER2.SBR
D:\PROJECTS\MFCT\EXT\ICU\SOURCE\COMMON\X86\DEBUG\NORMALIZER2IMPL.OBJ
D:\PROJECTS\MFCT\EXT\ICU\SOURCE\COMMON\X86\DEBUG\NORMALIZER2IMPL.SBR
D:\PROJECTS\MFCT\EXT\ICU\SOURCE\COMMON\X86\DEBUG\NORMLZR.OBJ
D:\PROJECTS\MFCT\EXT\ICU\SOURCE\COMMON\X86\DEBUG\NORMLZR.SBR
D:\PROJECTS\MFCT\EXT\ICU\SOURCE\COMMON\X86\DEBUG\PARSEPOS.OBJ
D:\PROJECTS\MFCT\EXT\ICU\SOURCE\COMMON\X86\DEBUG\PARSEPOS.SBR
D:\PROJECTS\MFCT\EXT\ICU\SOURCE\COMMON\X86\DEBUG\PATTERNPROPS.OBJ
D:\PROJECTS\MFCT\EXT\ICU\SOURCE\COMMON\X86\DEBUG\PATTERNPROPS.SBR
D:\PROJECTS\MFCT\EXT\ICU\SOURCE\COMMON\X86\DEBUG\PROPNAME.OBJ
D:\PROJECTS\MFCT\EXT\ICU\SOURCE\COMMON\X86\DEBUG\PROPNAME.SBR
D:\Projects\mfct\ext\icu\source\common\x86\Debug\propsvec.obj
D:\Projects\mfct\ext\icu\source\common\x86\Debug\propsvec.sbr
D:\Projects\mfct\ext\icu\source\common\x86\Debug\punycode.obj
D:\Projects\mfct\ext\icu\source\common\x86\Debug\punycode.sbr
D:\PROJECTS\MFCT\EXT\ICU\SOURCE\COMMON\X86\DEBUG\PUTIL.OBJ
D:\PROJECTS\MFCT\EXT\ICU\SOURCE\COMMON\X86\DEBUG\PUTIL.SBR
D:\PROJECTS\MFCT\EXT\ICU\SOURCE\COMMON\X86\DEBUG\RBBI.OBJ
D:\PROJECTS\MFCT\EXT\ICU\SOURCE\COMMON\X86\DEBUG\RBBI.SBR
D:\PROJECTS\MFCT\EXT\ICU\SOURCE\COMMON\X86\DEBUG\RBBIDATA.OBJ
D:\PROJECTS\MFCT\EXT\ICU\SOURCE\COMMON\X86\DEBUG\RBBIDATA.SBR
D:\PROJECTS\MFCT\EXT\ICU\SOURCE\COMMON\X86\DEBUG\RBBINODE.OBJ
D:\PROJECTS\MFCT\EXT\ICU\SOURCE\COMMON\X86\DEBUG\RBBINODE.SBR
D:\PROJECTS\MFCT\EXT\ICU\SOURCE\COMMON\X86\DEBUG\RBBIRB.OBJ
D:\PROJECTS\MFCT\EXT\ICU\SOURCE\COMMON\X86\DEBUG\RBBIRB.SBR
D:\PROJECTS\MFCT\EXT\ICU\SOURCE\COMMON\X86\DEBUG\RBBISCAN.OBJ
D:\PROJECTS\MFCT\EXT\ICU\SOURCE\COMMON\X86\DEBUG\RBBISCAN.SBR
D:\PROJECTS\MFCT\EXT\ICU\SOURCE\COMMON\X86\DEBUG\RBBISETB.OBJ
D:\PROJECTS\MFCT\EXT\ICU\SOURCE\COMMON\X86\DEBUG\RBBISETB.SBR
D:\PROJECTS\MFCT\EXT\ICU\SOURCE\COMMON\X86\DEBUG\RBBISTBL.OBJ
D:\PROJECTS\MFCT\EXT\ICU\SOURCE\COMMON\X86\DEBUG\RBBISTBL.SBR
D:\PROJECTS\MFCT\EXT\ICU\SOURCE\COMMON\X86\DEBUG\RBBITBLB.OBJ
D:\PROJECTS\MFCT\EXT\ICU\SOURCE\COMMON\X86\DEBUG\RBBITBLB.SBR
D:\Projects\mfct\ext\icu\source\common\x86\Debug\rc.command.1.tlog
D:\Projects\mfct\ext\icu\source\common\x86\Debug\rc.read.1.tlog
D:\Projects\mfct\ext\icu\source\common\x86\Debug\rc.write.1.tlog
D:\PROJECTS\MFCT\EXT\ICU\SOURCE\COMMON\X86\DEBUG\RESBUND.OBJ
D:\PROJECTS\MFCT\EXT\ICU\SOURCE\COMMON\X86\DEBUG\RESBUND.SBR
D:\PROJECTS\MFCT\EXT\ICU\SOURCE\COMMON\X86\DEBUG\RESBUND_CNV.OBJ
D:\PROJECTS\MFCT\EXT\ICU\SOURCE\COMMON\X86\DEBUG\RESBUND_CNV.SBR
D:\PROJECTS\MFCT\EXT\ICU\SOURCE\COMMON\X86\DEBUG\RULEITER.OBJ
D:\PROJECTS\MFCT\EXT\ICU\SOURCE\COMMON\X86\DEBUG\RULEITER.SBR
D:\PROJECTS\MFCT\EXT\ICU\SOURCE\COMMON\X86\DEBUG\SCHRITER.OBJ
D:\PROJECTS\MFCT\EXT\ICU\SOURCE\COMMON\X86\DEBUG\SCHRITER.SBR
D:\PROJECTS\MFCT\EXT\ICU\SOURCE\COMMON\X86\DEBUG\SERV.OBJ
D:\PROJECTS\MFCT\EXT\ICU\SOURCE\COMMON\X86\DEBUG\SERV.SBR
D:\PROJECTS\MFCT\EXT\ICU\SOURCE\COMMON\X86\DEBUG\SERVLK.OBJ
D:\PROJECTS\MFCT\EXT\ICU\SOURCE\COMMON\X86\DEBUG\SERVLK.SBR
D:\PROJECTS\MFCT\EXT\ICU\SOURCE\COMMON\X86\DEBUG\SERVLKF.OBJ
D:\PROJECTS\MFCT\EXT\ICU\SOURCE\COMMON\X86\DEBUG\SERVLKF.SBR
D:\PROJECTS\MFCT\EXT\ICU\SOURCE\COMMON\X86\DEBUG\SERVLS.OBJ
D:\PROJECTS\MFCT\EXT\ICU\SOURCE\COMMON\X86\DEBUG\SERVLS.SBR
D:\PROJECTS\MFCT\EXT\ICU\SOURCE\COMMON\X86\DEBUG\SERVNOTF.OBJ
D:\PROJECTS\MFCT\EXT\ICU\SOURCE\COMMON\X86\DEBUG\SERVNOTF.SBR
D:\PROJECTS\MFCT\EXT\ICU\SOURCE\COMMON\X86\DEBUG\SERVRBF.OBJ
D:\PROJECTS\MFCT\EXT\ICU\SOURCE\COMMON\X86\DEBUG\SERVRBF.SBR
D:\PROJECTS\MFCT\EXT\ICU\SOURCE\COMMON\X86\DEBUG\SERVSLKF.OBJ
D:\PROJECTS\MFCT\EXT\ICU\SOURCE\COMMON\X86\DEBUG\SERVSLKF.SBR
D:\PROJECTS\MFCT\EXT\ICU\SOURCE\COMMON\X86\DEBUG\STRINGPIECE.OBJ
D:\PROJECTS\MFCT\EXT\ICU\SOURCE\COMMON\X86\DEBUG\STRINGPIECE.SBR
D:\PROJECTS\MFCT\EXT\ICU\SOURCE\COMMON\X86\DEBUG\STRINGTRIEBUILDER.OBJ
D:\PROJECTS\MFCT\EXT\ICU\SOURCE\COMMON\X86\DEBUG\STRINGTRIEBUILDER.SBR
D:\PROJECTS\MFCT\EXT\ICU\SOURCE\COMMON\X86\DEBUG\TRIEDICT.OBJ
D:\PROJECTS\MFCT\EXT\ICU\SOURCE\COMMON\X86\DEBUG\TRIEDICT.SBR
D:\Projects\mfct\ext\icu\source\common\x86\Debug\uarrsort.obj
D:\Projects\mfct\ext\icu\source\common\x86\Debug\uarrsort.sbr
D:\Projects\mfct\ext\icu\source\common\x86\Debug\ubidi.obj
D:\Projects\mfct\ext\icu\source\common\x86\Debug\ubidi.sbr
D:\Projects\mfct\ext\icu\source\common\x86\Debug\ubidi_props.obj
D:\Projects\mfct\ext\icu\source\common\x86\Debug\ubidi_props.sbr
D:\Projects\mfct\ext\icu\source\common\x86\Debug\ubidiln.obj
D:\Projects\mfct\ext\icu\source\common\x86\Debug\ubidiln.sbr
D:\Projects\mfct\ext\icu\source\common\x86\Debug\ubidiwrt.obj
D:\Projects\mfct\ext\icu\source\common\x86\Debug\ubidiwrt.sbr
D:\PROJECTS\MFCT\EXT\ICU\SOURCE\COMMON\X86\DEBUG\UBRK.OBJ
D:\PROJECTS\MFCT\EXT\ICU\SOURCE\COMMON\X86\DEBUG\UBRK.SBR
D:\Projects\mfct\ext\icu\source\common\x86\Debug\ucase.obj
D:\Projects\mfct\ext\icu\source\common\x86\Debug\ucase.sbr
D:\Projects\mfct\ext\icu\source\common\x86\Debug\ucasemap.obj
D:\Projects\mfct\ext\icu\source\common\x86\Debug\ucasemap.sbr
D:\Projects\mfct\ext\icu\source\common\x86\Debug\ucat.obj
D:\Projects\mfct\ext\icu\source\common\x86\Debug\ucat.sbr
D:\Projects\mfct\ext\icu\source\common\x86\Debug\uchar.obj
D:\Projects\mfct\ext\icu\source\common\x86\Debug\uchar.sbr
D:\PROJECTS\MFCT\EXT\ICU\SOURCE\COMMON\X86\DEBUG\UCHARSTRIE.OBJ
D:\PROJECTS\MFCT\EXT\ICU\SOURCE\COMMON\X86\DEBUG\UCHARSTRIE.SBR
D:\PROJECTS\MFCT\EXT\ICU\SOURCE\COMMON\X86\DEBUG\UCHARSTRIEBUILDER.OBJ
D:\PROJECTS\MFCT\EXT\ICU\SOURCE\COMMON\X86\DEBUG\UCHARSTRIEBUILDER.SBR
D:\PROJECTS\MFCT\EXT\ICU\SOURCE\COMMON\X86\DEBUG\UCHARSTRIEITERATOR.OBJ
D:\PROJECTS\MFCT\EXT\ICU\SOURCE\COMMON\X86\DEBUG\UCHARSTRIEITERATOR.SBR
D:\PROJECTS\MFCT\EXT\ICU\SOURCE\COMMON\X86\DEBUG\UCHRITER.OBJ
D:\PROJECTS\MFCT\EXT\ICU\SOURCE\COMMON\X86\DEBUG\UCHRITER.SBR
D:\PROJECTS\MFCT\EXT\ICU\SOURCE\COMMON\X86\DEBUG\UCLN_CMN.OBJ
D:\PROJECTS\MFCT\EXT\ICU\SOURCE\COMMON\X86\DEBUG\UCLN_CMN.SBR
D:\Projects\mfct\ext\icu\source\common\x86\Debug\ucmndata.obj
D:\Projects\mfct\ext\icu\source\common\x86\Debug\ucmndata.sbr
D:\Projects\mfct\ext\icu\source\common\x86\Debug\ucnv.obj
D:\Projects\mfct\ext\icu\source\common\x86\Debug\ucnv.sbr
D:\Projects\mfct\ext\icu\source\common\x86\Debug\ucnv_bld.obj
D:\Projects\mfct\ext\icu\source\common\x86\Debug\ucnv_bld.sbr
D:\Projects\mfct\ext\icu\source\common\x86\Debug\ucnv_cb.obj
D:\Projects\mfct\ext\icu\source\common\x86\Debug\ucnv_cb.sbr
D:\Projects\mfct\ext\icu\source\common\x86\Debug\ucnv_cnv.obj
D:\Projects\mfct\ext\icu\source\common\x86\Debug\ucnv_cnv.sbr
D:\Projects\mfct\ext\icu\source\common\x86\Debug\ucnv_ct.obj
D:\Projects\mfct\ext\icu\source\common\x86\Debug\ucnv_ct.sbr
D:\Projects\mfct\ext\icu\source\common\x86\Debug\ucnv_err.obj
D:\Projects\mfct\ext\icu\source\common\x86\Debug\ucnv_err.sbr
D:\Projects\mfct\ext\icu\source\common\x86\Debug\ucnv_ext.obj
D:\Projects\mfct\ext\icu\source\common\x86\Debug\ucnv_ext.sbr
D:\Projects\mfct\ext\icu\source\common\x86\Debug\ucnv_io.obj
D:\Projects\mfct\ext\icu\source\common\x86\Debug\ucnv_io.sbr
D:\Projects\mfct\ext\icu\source\common\x86\Debug\ucnv_lmb.obj
D:\Projects\mfct\ext\icu\source\common\x86\Debug\ucnv_lmb.sbr
D:\Projects\mfct\ext\icu\source\common\x86\Debug\ucnv_set.obj
D:\Projects\mfct\ext\icu\source\common\x86\Debug\ucnv_set.sbr
D:\Projects\mfct\ext\icu\source\common\x86\Debug\ucnv_u16.obj
D:\Projects\mfct\ext\icu\source\common\x86\Debug\ucnv_u16.sbr
D:\Projects\mfct\ext\icu\source\common\x86\Debug\ucnv_u32.obj
D:\Projects\mfct\ext\icu\source\common\x86\Debug\ucnv_u32.sbr
D:\Projects\mfct\ext\icu\source\common\x86\Debug\ucnv_u7.obj
D:\Projects\mfct\ext\icu\source\common\x86\Debug\ucnv_u7.sbr
D:\Projects\mfct\ext\icu\source\common\x86\Debug\ucnv_u8.obj
D:\Projects\mfct\ext\icu\source\common\x86\Debug\ucnv_u8.sbr
D:\Projects\mfct\ext\icu\source\common\x86\Debug\ucnv2022.obj
D:\Projects\mfct\ext\icu\source\common\x86\Debug\ucnv2022.sbr
D:\Projects\mfct\ext\icu\source\common\x86\Debug\ucnvbocu.obj
D:\Projects\mfct\ext\icu\source\common\x86\Debug\ucnvbocu.sbr
D:\Projects\mfct\ext\icu\source\common\x86\Debug\ucnvdisp.obj
D:\Projects\mfct\ext\icu\source\common\x86\Debug\ucnvdisp.sbr
D:\Projects\mfct\ext\icu\source\common\x86\Debug\ucnvhz.obj
D:\Projects\mfct\ext\icu\source\common\x86\Debug\ucnvhz.sbr
D:\Projects\mfct\ext\icu\source\common\x86\Debug\ucnvisci.obj
D:\Projects\mfct\ext\icu\source\common\x86\Debug\ucnvisci.sbr
D:\Projects\mfct\ext\icu\source\common\x86\Debug\ucnvlat1.obj
D:\Projects\mfct\ext\icu\source\common\x86\Debug\ucnvlat1.sbr
D:\Projects\mfct\ext\icu\source\common\x86\Debug\ucnvmbcs.obj
D:\Projects\mfct\ext\icu\source\common\x86\Debug\ucnvmbcs.sbr
D:\Projects\mfct\ext\icu\source\common\x86\Debug\ucnvscsu.obj
D:\Projects\mfct\ext\icu\source\common\x86\Debug\ucnvscsu.sbr
D:\PROJECTS\MFCT\EXT\ICU\SOURCE\COMMON\X86\DEBUG\UCNVSEL.OBJ
D:\PROJECTS\MFCT\EXT\ICU\SOURCE\COMMON\X86\DEBUG\UCNVSEL.SBR
D:\PROJECTS\MFCT\EXT\ICU\SOURCE\COMMON\X86\DEBUG\UCOL_SWP.OBJ
D:\PROJECTS\MFCT\EXT\ICU\SOURCE\COMMON\X86\DEBUG\UCOL_SWP.SBR
D:\PROJECTS\MFCT\EXT\ICU\SOURCE\COMMON\X86\DEBUG\UDATA.OBJ
D:\PROJECTS\MFCT\EXT\ICU\SOURCE\COMMON\X86\DEBUG\UDATA.SBR
D:\Projects\mfct\ext\icu\source\common\x86\Debug\udatamem.obj
D:\Projects\mfct\ext\icu\source\common\x86\Debug\udatamem.sbr
D:\Projects\mfct\ext\icu\source\common\x86\Debug\udataswp.obj
D:\Projects\mfct\ext\icu\source\common\x86\Debug\udataswp.sbr
D:\Projects\mfct\ext\icu\source\common\x86\Debug\uenum.obj
D:\Projects\mfct\ext\icu\source\common\x86\Debug\uenum.sbr
D:\Projects\mfct\ext\icu\source\common\x86\Debug\uhash.obj
D:\Projects\mfct\ext\icu\source\common\x86\Debug\uhash.sbr
D:\PROJECTS\MFCT\EXT\ICU\SOURCE\COMMON\X86\DEBUG\UHASH_US.OBJ
D:\PROJECTS\MFCT\EXT\ICU\SOURCE\COMMON\X86\DEBUG\UHASH_US.SBR
D:\PROJECTS\MFCT\EXT\ICU\SOURCE\COMMON\X86\DEBUG\UIDNA.OBJ
D:\PROJECTS\MFCT\EXT\ICU\SOURCE\COMMON\X86\DEBUG\UIDNA.SBR
D:\Projects\mfct\ext\icu\source\common\x86\Debug\uinit.obj
D:\Projects\mfct\ext\icu\source\common\x86\Debug\uinit.sbr
D:\Projects\mfct\ext\icu\source\common\x86\Debug\uinvchar.obj
D:\Projects\mfct\ext\icu\source\common\x86\Debug\uinvchar.sbr
D:\PROJECTS\MFCT\EXT\ICU\SOURCE\COMMON\X86\DEBUG\UITER.OBJ
D:\PROJECTS\MFCT\EXT\ICU\SOURCE\COMMON\X86\DEBUG\UITER.SBR
D:\Projects\mfct\ext\icu\source\common\x86\Debug\ulist.obj
D:\Projects\mfct\ext\icu\source\common\x86\Debug\ulist.sbr
D:\Projects\mfct\ext\icu\source\common\x86\Debug\uloc.obj
D:\Projects\mfct\ext\icu\source\common\x86\Debug\uloc.sbr
D:\Projects\mfct\ext\icu\source\common\x86\Debug\uloc_tag.obj
D:\Projects\mfct\ext\icu\source\common\x86\Debug\uloc_tag.sbr
D:\PROJECTS\MFCT\EXT\ICU\SOURCE\COMMON\X86\DEBUG\UMAPFILE.OBJ
D:\PROJECTS\MFCT\EXT\ICU\SOURCE\COMMON\X86\DEBUG\UMAPFILE.SBR
D:\Projects\mfct\ext\icu\source\common\x86\Debug\umath.obj
D:\Projects\mfct\ext\icu\source\common\x86\Debug\umath.sbr
D:\PROJECTS\MFCT\EXT\ICU\SOURCE\COMMON\X86\DEBUG\UMUTEX.OBJ
D:\PROJECTS\MFCT\EXT\ICU\SOURCE\COMMON\X86\DEBUG\UMUTEX.SBR
D:\Projects\mfct\ext\icu\source\common\x86\Debug\unames.obj
D:\Projects\mfct\ext\icu\source\common\x86\Debug\unames.sbr
D:\PROJECTS\MFCT\EXT\ICU\SOURCE\COMMON\X86\DEBUG\UNIFILT.OBJ
D:\PROJECTS\MFCT\EXT\ICU\SOURCE\COMMON\X86\DEBUG\UNIFILT.SBR
D:\PROJECTS\MFCT\EXT\ICU\SOURCE\COMMON\X86\DEBUG\UNIFUNCT.OBJ
D:\PROJECTS\MFCT\EXT\ICU\SOURCE\COMMON\X86\DEBUG\UNIFUNCT.SBR
D:\PROJECTS\MFCT\EXT\ICU\SOURCE\COMMON\X86\DEBUG\UNISET.OBJ
D:\PROJECTS\MFCT\EXT\ICU\SOURCE\COMMON\X86\DEBUG\UNISET.SBR
D:\PROJECTS\MFCT\EXT\ICU\SOURCE\COMMON\X86\DEBUG\UNISET_PROPS.OBJ
D:\PROJECTS\MFCT\EXT\ICU\SOURCE\COMMON\X86\DEBUG\UNISET_PROPS.SBR
D:\PROJECTS\MFCT\EXT\ICU\SOURCE\COMMON\X86\DEBUG\UNISETSPAN.OBJ
D:\PROJECTS\MFCT\EXT\ICU\SOURCE\COMMON\X86\DEBUG\UNISETSPAN.SBR
D:\PROJECTS\MFCT\EXT\ICU\SOURCE\COMMON\X86\DEBUG\UNISTR.OBJ
D:\PROJECTS\MFCT\EXT\ICU\SOURCE\COMMON\X86\DEBUG\UNISTR.SBR
D:\PROJECTS\MFCT\EXT\ICU\SOURCE\COMMON\X86\DEBUG\UNISTR_CASE.OBJ
D:\PROJECTS\MFCT\EXT\ICU\SOURCE\COMMON\X86\DEBUG\UNISTR_CASE.SBR
D:\PROJECTS\MFCT\EXT\ICU\SOURCE\COMMON\X86\DEBUG\UNISTR_CNV.OBJ
D:\PROJECTS\MFCT\EXT\ICU\SOURCE\COMMON\X86\DEBUG\UNISTR_CNV.SBR
D:\PROJECTS\MFCT\EXT\ICU\SOURCE\COMMON\X86\DEBUG\UNISTR_PROPS.OBJ
D:\PROJECTS\MFCT\EXT\ICU\SOURCE\COMMON\X86\DEBUG\UNISTR_PROPS.SBR
D:\PROJECTS\MFCT\EXT\ICU\SOURCE\COMMON\X86\DEBUG\UNORM.OBJ
D:\PROJECTS\MFCT\EXT\ICU\SOURCE\COMMON\X86\DEBUG\UNORM.SBR
D:\Projects\mfct\ext\icu\source\common\x86\Debug\unorm_it.obj
D:\Projects\mfct\ext\icu\source\common\x86\Debug\unorm_it.sbr
D:\PROJECTS\MFCT\EXT\ICU\SOURCE\COMMON\X86\DEBUG\UNORMCMP.OBJ
D:\PROJECTS\MFCT\EXT\ICU\SOURCE\COMMON\X86\DEBUG\UNORMCMP.SBR
D:\PROJECTS\MFCT\EXT\ICU\SOURCE\COMMON\X86\DEBUG\UOBJECT.OBJ
D:\PROJECTS\MFCT\EXT\ICU\SOURCE\COMMON\X86\DEBUG\UOBJECT.SBR
D:\PROJECTS\MFCT\EXT\ICU\SOURCE\COMMON\X86\DEBUG\UPROPS.OBJ
D:\PROJECTS\MFCT\EXT\ICU\SOURCE\COMMON\X86\DEBUG\UPROPS.SBR
D:\Projects\mfct\ext\icu\source\common\x86\Debug\ures_cnv.obj
D:\Projects\mfct\ext\icu\source\common\x86\Debug\ures_cnv.sbr
D:\Projects\mfct\ext\icu\source\common\x86\Debug\uresbund.obj
D:\Projects\mfct\ext\icu\source\common\x86\Debug\uresbund.sbr
D:\Projects\mfct\ext\icu\source\common\x86\Debug\uresdata.obj
D:\Projects\mfct\ext\icu\source\common\x86\Debug\uresdata.sbr
D:\Projects\mfct\ext\icu\source\common\x86\Debug\usc_impl.obj
D:\Projects\mfct\ext\icu\source\common\x86\Debug\usc_impl.sbr
D:\Projects\mfct\ext\icu\source\common\x86\Debug\uscript.obj
D:\Projects\mfct\ext\icu\source\common\x86\Debug\uscript.sbr
D:\PROJECTS\MFCT\EXT\ICU\SOURCE\COMMON\X86\DEBUG\USET.OBJ
D:\PROJECTS\MFCT\EXT\ICU\SOURCE\COMMON\X86\DEBUG\USET.SBR
D:\PROJECTS\MFCT\EXT\ICU\SOURCE\COMMON\X86\DEBUG\USET_PROPS.OBJ
D:\PROJECTS\MFCT\EXT\ICU\SOURCE\COMMON\X86\DEBUG\USET_PROPS.SBR
D:\PROJECTS\MFCT\EXT\ICU\SOURCE\COMMON\X86\DEBUG\USETITER.OBJ
D:\PROJECTS\MFCT\EXT\ICU\SOURCE\COMMON\X86\DEBUG\USETITER.SBR
D:\Projects\mfct\ext\icu\source\common\x86\Debug\ushape.obj
D:\Projects\mfct\ext\icu\source\common\x86\Debug\ushape.sbr
D:\PROJECTS\MFCT\EXT\ICU\SOURCE\COMMON\X86\DEBUG\USPREP.OBJ
D:\PROJECTS\MFCT\EXT\ICU\SOURCE\COMMON\X86\DEBUG\USPREP.SBR
D:\PROJECTS\MFCT\EXT\ICU\SOURCE\COMMON\X86\DEBUG\USTACK.OBJ
D:\PROJECTS\MFCT\EXT\ICU\SOURCE\COMMON\X86\DEBUG\USTACK.SBR
D:\Projects\mfct\ext\icu\source\common\x86\Debug\ustr_cnv.obj
D:\Projects\mfct\ext\icu\source\common\x86\Debug\ustr_cnv.sbr
D:\Projects\mfct\ext\icu\source\common\x86\Debug\ustr_wcs.obj
D:\Projects\mfct\ext\icu\source\common\x86\Debug\ustr_wcs.sbr
D:\Projects\mfct\ext\icu\source\common\x86\Debug\ustrcase.obj
D:\Projects\mfct\ext\icu\source\common\x86\Debug\ustrcase.sbr
D:\PROJECTS\MFCT\EXT\ICU\SOURCE\COMMON\X86\DEBUG\USTRENUM.OBJ
D:\PROJECTS\MFCT\EXT\ICU\SOURCE\COMMON\X86\DEBUG\USTRENUM.SBR
D:\Projects\mfct\ext\icu\source\common\x86\Debug\ustrfmt.obj
D:\Projects\mfct\ext\icu\source\common\x86\Debug\ustrfmt.sbr
D:\Projects\mfct\ext\icu\source\common\x86\Debug\ustring.obj
D:\Projects\mfct\ext\icu\source\common\x86\Debug\ustring.sbr
D:\Projects\mfct\ext\icu\source\common\x86\Debug\ustrtrns.obj
D:\Projects\mfct\ext\icu\source\common\x86\Debug\ustrtrns.sbr
D:\PROJECTS\MFCT\EXT\ICU\SOURCE\COMMON\X86\DEBUG\UTEXT.OBJ
D:\PROJECTS\MFCT\EXT\ICU\SOURCE\COMMON\X86\DEBUG\UTEXT.SBR
D:\Projects\mfct\ext\icu\source\common\x86\Debug\utf_impl.obj
D:\Projects\mfct\ext\icu\source\common\x86\Debug\utf_impl.sbr
D:\PROJECTS\MFCT\EXT\ICU\SOURCE\COMMON\X86\DEBUG\UTIL.OBJ
D:\PROJECTS\MFCT\EXT\ICU\SOURCE\COMMON\X86\DEBUG\UTIL.SBR
D:\PROJECTS\MFCT\EXT\ICU\SOURCE\COMMON\X86\DEBUG\UTIL_PROPS.OBJ
D:\PROJECTS\MFCT\EXT\ICU\SOURCE\COMMON\X86\DEBUG\UTIL_PROPS.SBR
D:\Projects\mfct\ext\icu\source\common\x86\Debug\utrace.obj
D:\Projects\mfct\ext\icu\source\common\x86\Debug\utrace.sbr
D:\Projects\mfct\ext\icu\source\common\x86\Debug\utrie.obj
D:\Projects\mfct\ext\icu\source\common\x86\Debug\utrie.sbr
D:\PROJECTS\MFCT\EXT\ICU\SOURCE\COMMON\X86\DEBUG\UTRIE2.OBJ
D:\PROJECTS\MFCT\EXT\ICU\SOURCE\COMMON\X86\DEBUG\UTRIE2.SBR
D:\Projects\mfct\ext\icu\source\common\x86\Debug\utrie2_builder.obj
D:\Projects\mfct\ext\icu\source\common\x86\Debug\utrie2_builder.sbr
D:\PROJECTS\MFCT\EXT\ICU\SOURCE\COMMON\X86\DEBUG\UTS46.OBJ
D:\PROJECTS\MFCT\EXT\ICU\SOURCE\COMMON\X86\DEBUG\UTS46.SBR
D:\Projects\mfct\ext\icu\source\common\x86\Debug\utypes.obj
D:\Projects\mfct\ext\icu\source\common\x86\Debug\utypes.sbr
D:\PROJECTS\MFCT\EXT\ICU\SOURCE\COMMON\X86\DEBUG\UVECTOR.OBJ
D:\PROJECTS\MFCT\EXT\ICU\SOURCE\COMMON\X86\DEBUG\UVECTOR.SBR
D:\PROJECTS\MFCT\EXT\ICU\SOURCE\COMMON\X86\DEBUG\UVECTR32.OBJ
D:\PROJECTS\MFCT\EXT\ICU\SOURCE\COMMON\X86\DEBUG\UVECTR32.SBR
D:\PROJECTS\MFCT\EXT\ICU\SOURCE\COMMON\X86\DEBUG\UVECTR64.OBJ
D:\PROJECTS\MFCT\EXT\ICU\SOURCE\COMMON\X86\DEBUG\UVECTR64.SBR
D:\Projects\mfct\ext\icu\source\common\x86\Debug\vc100.idb
D:\PROJECTS\MFCT\EXT\ICU\SOURCE\COMMON\X86\DEBUG\VC100.PDB
D:\PROJECTS\MFCT\EXT\ICU\SOURCE\COMMON\X86\DEBUG\WINTZ.OBJ
D:\PROJECTS\MFCT\EXT\ICU\SOURCE\COMMON\X86\DEBUG\WINTZ.SBR
