D:\PROJECTS\MFCT\DEBUG\XERCES-C_3_1D.PDB
D:\Projects\mfct\Debug\xerces-c_3D.exp
D:\Projects\mfct\Debug\xerces-c_3D.lib
D:\Projects\mfct\ext\xerces-c\projects\Win32\VC10\xerces-all\XercesLib\obj\XercesLib\AbstractDOMParser.obj
D:\Projects\mfct\ext\xerces-c\projects\Win32\VC10\xerces-all\XercesLib\obj\XercesLib\AbstractNumericFacetValidator.obj
D:\Projects\mfct\ext\xerces-c\projects\Win32\VC10\xerces-all\XercesLib\obj\XercesLib\AbstractNumericValidator.obj
D:\Projects\mfct\ext\xerces-c\projects\Win32\VC10\xerces-all\XercesLib\obj\XercesLib\AbstractStringValidator.obj
D:\Projects\mfct\ext\xerces-c\projects\Win32\VC10\xerces-all\XercesLib\obj\XercesLib\AllContentModel.obj
D:\Projects\mfct\ext\xerces-c\projects\Win32\VC10\xerces-all\XercesLib\obj\XercesLib\AnySimpleTypeDatatypeValidator.obj
D:\Projects\mfct\ext\xerces-c\projects\Win32\VC10\xerces-all\XercesLib\obj\XercesLib\AnyURIDatatypeValidator.obj
D:\Projects\mfct\ext\xerces-c\projects\Win32\VC10\xerces-all\XercesLib\obj\XercesLib\ASCIIRangeFactory.obj
D:\Projects\mfct\ext\xerces-c\projects\Win32\VC10\xerces-all\XercesLib\obj\XercesLib\Base64.obj
D:\Projects\mfct\ext\xerces-c\projects\Win32\VC10\xerces-all\XercesLib\obj\XercesLib\Base64BinaryDatatypeValidator.obj
D:\Projects\mfct\ext\xerces-c\projects\Win32\VC10\xerces-all\XercesLib\obj\XercesLib\BinFileInputStream.obj
D:\Projects\mfct\ext\xerces-c\projects\Win32\VC10\xerces-all\XercesLib\obj\XercesLib\BinFileOutputStream.obj
D:\Projects\mfct\ext\xerces-c\projects\Win32\VC10\xerces-all\XercesLib\obj\XercesLib\BinHTTPInputStreamCommon.obj
D:\Projects\mfct\ext\xerces-c\projects\Win32\VC10\xerces-all\XercesLib\obj\XercesLib\BinHTTPURLInputStream.obj
D:\Projects\mfct\ext\xerces-c\projects\Win32\VC10\xerces-all\XercesLib\obj\XercesLib\BinInputStream.obj
D:\Projects\mfct\ext\xerces-c\projects\Win32\VC10\xerces-all\XercesLib\obj\XercesLib\BinMemInputStream.obj
D:\Projects\mfct\ext\xerces-c\projects\Win32\VC10\xerces-all\XercesLib\obj\XercesLib\BinMemOutputStream.obj
D:\Projects\mfct\ext\xerces-c\projects\Win32\VC10\xerces-all\XercesLib\obj\XercesLib\BinOutputStream.obj
D:\Projects\mfct\ext\xerces-c\projects\Win32\VC10\xerces-all\XercesLib\obj\XercesLib\BitSet.obj
D:\Projects\mfct\ext\xerces-c\projects\Win32\VC10\xerces-all\XercesLib\obj\XercesLib\BlockRangeFactory.obj
D:\Projects\mfct\ext\xerces-c\projects\Win32\VC10\xerces-all\XercesLib\obj\XercesLib\BMPattern.obj
D:\Projects\mfct\ext\xerces-c\projects\Win32\VC10\xerces-all\XercesLib\obj\XercesLib\BooleanDatatypeValidator.obj
D:\Projects\mfct\ext\xerces-c\projects\Win32\VC10\xerces-all\XercesLib\obj\XercesLib\CharToken.obj
D:\Projects\mfct\ext\xerces-c\projects\Win32\VC10\xerces-all\XercesLib\obj\XercesLib\CL.4796.read.1.tlog
D:\Projects\mfct\ext\xerces-c\projects\Win32\VC10\xerces-all\XercesLib\obj\XercesLib\CL.4796.write.1.tlog
D:\Projects\mfct\ext\xerces-c\projects\Win32\VC10\xerces-all\XercesLib\obj\XercesLib\CL.6440.read.1.tlog
D:\Projects\mfct\ext\xerces-c\projects\Win32\VC10\xerces-all\XercesLib\obj\XercesLib\CL.6440.write.1.tlog
D:\Projects\mfct\ext\xerces-c\projects\Win32\VC10\xerces-all\XercesLib\obj\XercesLib\CL.8260.read.1.tlog
D:\Projects\mfct\ext\xerces-c\projects\Win32\VC10\xerces-all\XercesLib\obj\XercesLib\CL.8260.write.1.tlog
D:\Projects\mfct\ext\xerces-c\projects\Win32\VC10\xerces-all\XercesLib\obj\XercesLib\CL.8384.read.1.tlog
D:\Projects\mfct\ext\xerces-c\projects\Win32\VC10\xerces-all\XercesLib\obj\XercesLib\CL.8384.write.1.tlog
D:\Projects\mfct\ext\xerces-c\projects\Win32\VC10\xerces-all\XercesLib\obj\XercesLib\CL.9220.read.1.tlog
D:\Projects\mfct\ext\xerces-c\projects\Win32\VC10\xerces-all\XercesLib\obj\XercesLib\CL.9220.write.1.tlog
D:\Projects\mfct\ext\xerces-c\projects\Win32\VC10\xerces-all\XercesLib\obj\XercesLib\CL.9760.read.1.tlog
D:\Projects\mfct\ext\xerces-c\projects\Win32\VC10\xerces-all\XercesLib\obj\XercesLib\CL.9760.write.1.tlog
D:\Projects\mfct\ext\xerces-c\projects\Win32\VC10\xerces-all\XercesLib\obj\XercesLib\cl.command.1.tlog
D:\Projects\mfct\ext\xerces-c\projects\Win32\VC10\xerces-all\XercesLib\obj\XercesLib\CL.read.1.tlog
D:\Projects\mfct\ext\xerces-c\projects\Win32\VC10\xerces-all\XercesLib\obj\XercesLib\cl.write.1.tlog
D:\Projects\mfct\ext\xerces-c\projects\Win32\VC10\xerces-all\XercesLib\obj\XercesLib\ClosureToken.obj
D:\Projects\mfct\ext\xerces-c\projects\Win32\VC10\xerces-all\XercesLib\obj\XercesLib\CMAny.obj
D:\Projects\mfct\ext\xerces-c\projects\Win32\VC10\xerces-all\XercesLib\obj\XercesLib\CMBinaryOp.obj
D:\Projects\mfct\ext\xerces-c\projects\Win32\VC10\xerces-all\XercesLib\obj\XercesLib\CMUnaryOp.obj
D:\Projects\mfct\ext\xerces-c\projects\Win32\VC10\xerces-all\XercesLib\obj\XercesLib\ComplexTypeInfo.obj
D:\Projects\mfct\ext\xerces-c\projects\Win32\VC10\xerces-all\XercesLib\obj\XercesLib\ConcatToken.obj
D:\Projects\mfct\ext\xerces-c\projects\Win32\VC10\xerces-all\XercesLib\obj\XercesLib\ContentLeafNameTypeVector.obj
D:\Projects\mfct\ext\xerces-c\projects\Win32\VC10\xerces-all\XercesLib\obj\XercesLib\ContentSpecNode.obj
D:\Projects\mfct\ext\xerces-c\projects\Win32\VC10\xerces-all\XercesLib\obj\XercesLib\custombuild.command.1.tlog
D:\Projects\mfct\ext\xerces-c\projects\Win32\VC10\xerces-all\XercesLib\obj\XercesLib\custombuild.read.1.tlog
D:\Projects\mfct\ext\xerces-c\projects\Win32\VC10\xerces-all\XercesLib\obj\XercesLib\custombuild.write.1.tlog
D:\Projects\mfct\ext\xerces-c\projects\Win32\VC10\xerces-all\XercesLib\obj\XercesLib\DatatypeValidator.obj
D:\Projects\mfct\ext\xerces-c\projects\Win32\VC10\xerces-all\XercesLib\obj\XercesLib\DatatypeValidatorFactory.obj
D:\Projects\mfct\ext\xerces-c\projects\Win32\VC10\xerces-all\XercesLib\obj\XercesLib\DateDatatypeValidator.obj
D:\Projects\mfct\ext\xerces-c\projects\Win32\VC10\xerces-all\XercesLib\obj\XercesLib\DateTimeDatatypeValidator.obj
D:\Projects\mfct\ext\xerces-c\projects\Win32\VC10\xerces-all\XercesLib\obj\XercesLib\DateTimeValidator.obj
D:\Projects\mfct\ext\xerces-c\projects\Win32\VC10\xerces-all\XercesLib\obj\XercesLib\DayDatatypeValidator.obj
D:\Projects\mfct\ext\xerces-c\projects\Win32\VC10\xerces-all\XercesLib\obj\XercesLib\DecimalDatatypeValidator.obj
D:\Projects\mfct\ext\xerces-c\projects\Win32\VC10\xerces-all\XercesLib\obj\XercesLib\DefaultPanicHandler.obj
D:\Projects\mfct\ext\xerces-c\projects\Win32\VC10\xerces-all\XercesLib\obj\XercesLib\DFAContentModel.obj
D:\Projects\mfct\ext\xerces-c\projects\Win32\VC10\xerces-all\XercesLib\obj\XercesLib\DGXMLScanner.obj
D:\Projects\mfct\ext\xerces-c\projects\Win32\VC10\xerces-all\XercesLib\obj\XercesLib\DOMAttrImpl.obj
D:\Projects\mfct\ext\xerces-c\projects\Win32\VC10\xerces-all\XercesLib\obj\XercesLib\DOMAttrMapImpl.obj
D:\Projects\mfct\ext\xerces-c\projects\Win32\VC10\xerces-all\XercesLib\obj\XercesLib\DOMAttrNSImpl.obj
D:\Projects\mfct\ext\xerces-c\projects\Win32\VC10\xerces-all\XercesLib\obj\XercesLib\DOMCDATASectionImpl.obj
D:\Projects\mfct\ext\xerces-c\projects\Win32\VC10\xerces-all\XercesLib\obj\XercesLib\DOMCharacterDataImpl.obj
D:\Projects\mfct\ext\xerces-c\projects\Win32\VC10\xerces-all\XercesLib\obj\XercesLib\DOMChildNode.obj
D:\Projects\mfct\ext\xerces-c\projects\Win32\VC10\xerces-all\XercesLib\obj\XercesLib\DOMCommentImpl.obj
D:\Projects\mfct\ext\xerces-c\projects\Win32\VC10\xerces-all\XercesLib\obj\XercesLib\DOMConfigurationImpl.obj
D:\Projects\mfct\ext\xerces-c\projects\Win32\VC10\xerces-all\XercesLib\obj\XercesLib\DOMDeepNodeListImpl.obj
D:\Projects\mfct\ext\xerces-c\projects\Win32\VC10\xerces-all\XercesLib\obj\XercesLib\DOMDocumentFragmentImpl.obj
D:\Projects\mfct\ext\xerces-c\projects\Win32\VC10\xerces-all\XercesLib\obj\XercesLib\DOMDocumentImpl.obj
D:\Projects\mfct\ext\xerces-c\projects\Win32\VC10\xerces-all\XercesLib\obj\XercesLib\DOMDocumentTypeImpl.obj
D:\Projects\mfct\ext\xerces-c\projects\Win32\VC10\xerces-all\XercesLib\obj\XercesLib\DOMElementImpl.obj
D:\Projects\mfct\ext\xerces-c\projects\Win32\VC10\xerces-all\XercesLib\obj\XercesLib\DOMElementNSImpl.obj
D:\Projects\mfct\ext\xerces-c\projects\Win32\VC10\xerces-all\XercesLib\obj\XercesLib\DOMEntityImpl.obj
D:\Projects\mfct\ext\xerces-c\projects\Win32\VC10\xerces-all\XercesLib\obj\XercesLib\DOMEntityReferenceImpl.obj
D:\Projects\mfct\ext\xerces-c\projects\Win32\VC10\xerces-all\XercesLib\obj\XercesLib\DOMErrorImpl.obj
D:\Projects\mfct\ext\xerces-c\projects\Win32\VC10\xerces-all\XercesLib\obj\XercesLib\DOMException.obj
D:\Projects\mfct\ext\xerces-c\projects\Win32\VC10\xerces-all\XercesLib\obj\XercesLib\DOMImplementationImpl.obj
D:\Projects\mfct\ext\xerces-c\projects\Win32\VC10\xerces-all\XercesLib\obj\XercesLib\DOMImplementationListImpl.obj
D:\Projects\mfct\ext\xerces-c\projects\Win32\VC10\xerces-all\XercesLib\obj\XercesLib\DOMImplementationRegistry.obj
D:\Projects\mfct\ext\xerces-c\projects\Win32\VC10\xerces-all\XercesLib\obj\XercesLib\DOMLocatorImpl.obj
D:\Projects\mfct\ext\xerces-c\projects\Win32\VC10\xerces-all\XercesLib\obj\XercesLib\DOMLSException.obj
D:\Projects\mfct\ext\xerces-c\projects\Win32\VC10\xerces-all\XercesLib\obj\XercesLib\DOMLSInputImpl.obj
D:\Projects\mfct\ext\xerces-c\projects\Win32\VC10\xerces-all\XercesLib\obj\XercesLib\DOMLSOutputImpl.obj
D:\Projects\mfct\ext\xerces-c\projects\Win32\VC10\xerces-all\XercesLib\obj\XercesLib\DOMLSParserImpl.obj
D:\Projects\mfct\ext\xerces-c\projects\Win32\VC10\xerces-all\XercesLib\obj\XercesLib\DOMLSSerializerImpl.obj
D:\Projects\mfct\ext\xerces-c\projects\Win32\VC10\xerces-all\XercesLib\obj\XercesLib\DOMNamedNodeMapImpl.obj
D:\Projects\mfct\ext\xerces-c\projects\Win32\VC10\xerces-all\XercesLib\obj\XercesLib\DOMNodeIDMap.obj
D:\Projects\mfct\ext\xerces-c\projects\Win32\VC10\xerces-all\XercesLib\obj\XercesLib\DOMNodeImpl.obj
D:\Projects\mfct\ext\xerces-c\projects\Win32\VC10\xerces-all\XercesLib\obj\XercesLib\DOMNodeIteratorImpl.obj
D:\Projects\mfct\ext\xerces-c\projects\Win32\VC10\xerces-all\XercesLib\obj\XercesLib\DOMNodeListImpl.obj
D:\Projects\mfct\ext\xerces-c\projects\Win32\VC10\xerces-all\XercesLib\obj\XercesLib\DOMNodeVector.obj
D:\Projects\mfct\ext\xerces-c\projects\Win32\VC10\xerces-all\XercesLib\obj\XercesLib\DOMNormalizer.obj
D:\Projects\mfct\ext\xerces-c\projects\Win32\VC10\xerces-all\XercesLib\obj\XercesLib\DOMNotationImpl.obj
D:\Projects\mfct\ext\xerces-c\projects\Win32\VC10\xerces-all\XercesLib\obj\XercesLib\DOMParentNode.obj
D:\Projects\mfct\ext\xerces-c\projects\Win32\VC10\xerces-all\XercesLib\obj\XercesLib\DOMProcessingInstructionImpl.obj
D:\Projects\mfct\ext\xerces-c\projects\Win32\VC10\xerces-all\XercesLib\obj\XercesLib\DOMRangeException.obj
D:\Projects\mfct\ext\xerces-c\projects\Win32\VC10\xerces-all\XercesLib\obj\XercesLib\DOMRangeImpl.obj
D:\Projects\mfct\ext\xerces-c\projects\Win32\VC10\xerces-all\XercesLib\obj\XercesLib\DOMStringListImpl.obj
D:\Projects\mfct\ext\xerces-c\projects\Win32\VC10\xerces-all\XercesLib\obj\XercesLib\DOMStringPool.obj
D:\Projects\mfct\ext\xerces-c\projects\Win32\VC10\xerces-all\XercesLib\obj\XercesLib\DOMTextImpl.obj
D:\Projects\mfct\ext\xerces-c\projects\Win32\VC10\xerces-all\XercesLib\obj\XercesLib\DOMTreeWalkerImpl.obj
D:\Projects\mfct\ext\xerces-c\projects\Win32\VC10\xerces-all\XercesLib\obj\XercesLib\DOMTypeInfoImpl.obj
D:\Projects\mfct\ext\xerces-c\projects\Win32\VC10\xerces-all\XercesLib\obj\XercesLib\DOMXPathException.obj
D:\Projects\mfct\ext\xerces-c\projects\Win32\VC10\xerces-all\XercesLib\obj\XercesLib\DOMXPathExpressionImpl.obj
D:\Projects\mfct\ext\xerces-c\projects\Win32\VC10\xerces-all\XercesLib\obj\XercesLib\DOMXPathNSResolverImpl.obj
D:\Projects\mfct\ext\xerces-c\projects\Win32\VC10\xerces-all\XercesLib\obj\XercesLib\DOMXPathResultImpl.obj
D:\Projects\mfct\ext\xerces-c\projects\Win32\VC10\xerces-all\XercesLib\obj\XercesLib\DoubleDatatypeValidator.obj
D:\Projects\mfct\ext\xerces-c\projects\Win32\VC10\xerces-all\XercesLib\obj\XercesLib\DTDAttDef.obj
D:\Projects\mfct\ext\xerces-c\projects\Win32\VC10\xerces-all\XercesLib\obj\XercesLib\DTDAttDefList.obj
D:\Projects\mfct\ext\xerces-c\projects\Win32\VC10\xerces-all\XercesLib\obj\XercesLib\DTDElementDecl.obj
D:\Projects\mfct\ext\xerces-c\projects\Win32\VC10\xerces-all\XercesLib\obj\XercesLib\DTDEntityDecl.obj
D:\Projects\mfct\ext\xerces-c\projects\Win32\VC10\xerces-all\XercesLib\obj\XercesLib\DTDGrammar.obj
D:\Projects\mfct\ext\xerces-c\projects\Win32\VC10\xerces-all\XercesLib\obj\XercesLib\DTDScanner.obj
D:\Projects\mfct\ext\xerces-c\projects\Win32\VC10\xerces-all\XercesLib\obj\XercesLib\DTDValidator.obj
D:\Projects\mfct\ext\xerces-c\projects\Win32\VC10\xerces-all\XercesLib\obj\XercesLib\Dummy.obj
D:\Projects\mfct\ext\xerces-c\projects\Win32\VC10\xerces-all\XercesLib\obj\XercesLib\DurationDatatypeValidator.obj
D:\Projects\mfct\ext\xerces-c\projects\Win32\VC10\xerces-all\XercesLib\obj\XercesLib\ElemStack.obj
D:\Projects\mfct\ext\xerces-c\projects\Win32\VC10\xerces-all\XercesLib\obj\XercesLib\EncodingValidator.obj
D:\Projects\mfct\ext\xerces-c\projects\Win32\VC10\xerces-all\XercesLib\obj\XercesLib\ENTITYDatatypeValidator.obj
D:\Projects\mfct\ext\xerces-c\projects\Win32\VC10\xerces-all\XercesLib\obj\XercesLib\FieldActivator.obj
D:\Projects\mfct\ext\xerces-c\projects\Win32\VC10\xerces-all\XercesLib\obj\XercesLib\FieldValueMap.obj
D:\Projects\mfct\ext\xerces-c\projects\Win32\VC10\xerces-all\XercesLib\obj\XercesLib\FloatDatatypeValidator.obj
D:\Projects\mfct\ext\xerces-c\projects\Win32\VC10\xerces-all\XercesLib\obj\XercesLib\GeneralAttributeCheck.obj
D:\Projects\mfct\ext\xerces-c\projects\Win32\VC10\xerces-all\XercesLib\obj\XercesLib\Grammar.obj
D:\Projects\mfct\ext\xerces-c\projects\Win32\VC10\xerces-all\XercesLib\obj\XercesLib\GrammarResolver.obj
D:\Projects\mfct\ext\xerces-c\projects\Win32\VC10\xerces-all\XercesLib\obj\XercesLib\HeaderDummy.obj
D:\Projects\mfct\ext\xerces-c\projects\Win32\VC10\xerces-all\XercesLib\obj\XercesLib\HexBin.obj
D:\Projects\mfct\ext\xerces-c\projects\Win32\VC10\xerces-all\XercesLib\obj\XercesLib\HexBinaryDatatypeValidator.obj
D:\Projects\mfct\ext\xerces-c\projects\Win32\VC10\xerces-all\XercesLib\obj\XercesLib\IC_Field.obj
D:\Projects\mfct\ext\xerces-c\projects\Win32\VC10\xerces-all\XercesLib\obj\XercesLib\IC_Key.obj
D:\Projects\mfct\ext\xerces-c\projects\Win32\VC10\xerces-all\XercesLib\obj\XercesLib\IC_KeyRef.obj
D:\Projects\mfct\ext\xerces-c\projects\Win32\VC10\xerces-all\XercesLib\obj\XercesLib\IC_Selector.obj
D:\Projects\mfct\ext\xerces-c\projects\Win32\VC10\xerces-all\XercesLib\obj\XercesLib\IC_Unique.obj
D:\Projects\mfct\ext\xerces-c\projects\Win32\VC10\xerces-all\XercesLib\obj\XercesLib\IDDatatypeValidator.obj
D:\Projects\mfct\ext\xerces-c\projects\Win32\VC10\xerces-all\XercesLib\obj\XercesLib\IdentityConstraint.obj
D:\Projects\mfct\ext\xerces-c\projects\Win32\VC10\xerces-all\XercesLib\obj\XercesLib\IdentityConstraintHandler.obj
D:\Projects\mfct\ext\xerces-c\projects\Win32\VC10\xerces-all\XercesLib\obj\XercesLib\IDREFDatatypeValidator.obj
D:\Projects\mfct\ext\xerces-c\projects\Win32\VC10\xerces-all\XercesLib\obj\XercesLib\IGXMLScanner.obj
D:\Projects\mfct\ext\xerces-c\projects\Win32\VC10\xerces-all\XercesLib\obj\XercesLib\IGXMLScanner2.obj
D:\Projects\mfct\ext\xerces-c\projects\Win32\VC10\xerces-all\XercesLib\obj\XercesLib\InputSource.obj
D:\Projects\mfct\ext\xerces-c\projects\Win32\VC10\xerces-all\XercesLib\obj\XercesLib\KVStringPair.obj
D:\Projects\mfct\ext\xerces-c\projects\Win32\VC10\xerces-all\XercesLib\obj\XercesLib\link.command.1.tlog
D:\Projects\mfct\ext\xerces-c\projects\Win32\VC10\xerces-all\XercesLib\obj\XercesLib\link.read.1.tlog
D:\Projects\mfct\ext\xerces-c\projects\Win32\VC10\xerces-all\XercesLib\obj\XercesLib\link.write.1.tlog
D:\Projects\mfct\ext\xerces-c\projects\Win32\VC10\xerces-all\XercesLib\obj\XercesLib\link-cvtres.read.1.tlog
D:\Projects\mfct\ext\xerces-c\projects\Win32\VC10\xerces-all\XercesLib\obj\XercesLib\link-cvtres.write.1.tlog
D:\Projects\mfct\ext\xerces-c\projects\Win32\VC10\xerces-all\XercesLib\obj\XercesLib\ListDatatypeValidator.obj
D:\Projects\mfct\ext\xerces-c\projects\Win32\VC10\xerces-all\XercesLib\obj\XercesLib\LocalFileFormatTarget.obj
D:\Projects\mfct\ext\xerces-c\projects\Win32\VC10\xerces-all\XercesLib\obj\XercesLib\LocalFileInputSource.obj
D:\Projects\mfct\ext\xerces-c\projects\Win32\VC10\xerces-all\XercesLib\obj\XercesLib\Match.obj
D:\Projects\mfct\ext\xerces-c\projects\Win32\VC10\xerces-all\XercesLib\obj\XercesLib\MemBufFormatTarget.obj
D:\Projects\mfct\ext\xerces-c\projects\Win32\VC10\xerces-all\XercesLib\obj\XercesLib\MemBufInputSource.obj
D:\Projects\mfct\ext\xerces-c\projects\Win32\VC10\xerces-all\XercesLib\obj\XercesLib\MemoryManagerImpl.obj
D:\Projects\mfct\ext\xerces-c\projects\Win32\VC10\xerces-all\XercesLib\obj\XercesLib\MixedContentModel.obj
D:\Projects\mfct\ext\xerces-c\projects\Win32\VC10\xerces-all\XercesLib\obj\XercesLib\MonthDatatypeValidator.obj
D:\Projects\mfct\ext\xerces-c\projects\Win32\VC10\xerces-all\XercesLib\obj\XercesLib\MonthDayDatatypeValidator.obj
D:\Projects\mfct\ext\xerces-c\projects\Win32\VC10\xerces-all\XercesLib\obj\XercesLib\mt.command.1.tlog
D:\Projects\mfct\ext\xerces-c\projects\Win32\VC10\xerces-all\XercesLib\obj\XercesLib\mt.read.1.tlog
D:\Projects\mfct\ext\xerces-c\projects\Win32\VC10\xerces-all\XercesLib\obj\XercesLib\mt.write.1.tlog
D:\Projects\mfct\ext\xerces-c\projects\Win32\VC10\xerces-all\XercesLib\obj\XercesLib\Mutexes.obj
D:\Projects\mfct\ext\xerces-c\projects\Win32\VC10\xerces-all\XercesLib\obj\XercesLib\NameDatatypeValidator.obj
D:\Projects\mfct\ext\xerces-c\projects\Win32\VC10\xerces-all\XercesLib\obj\XercesLib\NamespaceScope.obj
D:\Projects\mfct\ext\xerces-c\projects\Win32\VC10\xerces-all\XercesLib\obj\XercesLib\NCNameDatatypeValidator.obj
D:\Projects\mfct\ext\xerces-c\projects\Win32\VC10\xerces-all\XercesLib\obj\XercesLib\NOTATIONDatatypeValidator.obj
D:\Projects\mfct\ext\xerces-c\projects\Win32\VC10\xerces-all\XercesLib\obj\XercesLib\Op.obj
D:\Projects\mfct\ext\xerces-c\projects\Win32\VC10\xerces-all\XercesLib\obj\XercesLib\OpFactory.obj
D:\Projects\mfct\ext\xerces-c\projects\Win32\VC10\xerces-all\XercesLib\obj\XercesLib\PanicHandler.obj
D:\Projects\mfct\ext\xerces-c\projects\Win32\VC10\xerces-all\XercesLib\obj\XercesLib\ParenToken.obj
D:\Projects\mfct\ext\xerces-c\projects\Win32\VC10\xerces-all\XercesLib\obj\XercesLib\ParserForXMLSchema.obj
D:\Projects\mfct\ext\xerces-c\projects\Win32\VC10\xerces-all\XercesLib\obj\XercesLib\PlatformUtils.obj
D:\Projects\mfct\ext\xerces-c\projects\Win32\VC10\xerces-all\XercesLib\obj\XercesLib\PSVIAttribute.obj
D:\Projects\mfct\ext\xerces-c\projects\Win32\VC10\xerces-all\XercesLib\obj\XercesLib\PSVIAttributeList.obj
D:\Projects\mfct\ext\xerces-c\projects\Win32\VC10\xerces-all\XercesLib\obj\XercesLib\PSVIElement.obj
D:\Projects\mfct\ext\xerces-c\projects\Win32\VC10\xerces-all\XercesLib\obj\XercesLib\PSVIItem.obj
D:\Projects\mfct\ext\xerces-c\projects\Win32\VC10\xerces-all\XercesLib\obj\XercesLib\PSVIUni.obj
D:\Projects\mfct\ext\xerces-c\projects\Win32\VC10\xerces-all\XercesLib\obj\XercesLib\QName.obj
D:\Projects\mfct\ext\xerces-c\projects\Win32\VC10\xerces-all\XercesLib\obj\XercesLib\QNameDatatypeValidator.obj
D:\Projects\mfct\ext\xerces-c\projects\Win32\VC10\xerces-all\XercesLib\obj\XercesLib\RangeFactory.obj
D:\Projects\mfct\ext\xerces-c\projects\Win32\VC10\xerces-all\XercesLib\obj\XercesLib\RangeToken.obj
D:\Projects\mfct\ext\xerces-c\projects\Win32\VC10\xerces-all\XercesLib\obj\XercesLib\RangeTokenMap.obj
D:\Projects\mfct\ext\xerces-c\projects\Win32\VC10\xerces-all\XercesLib\obj\XercesLib\rc.command.1.tlog
D:\Projects\mfct\ext\xerces-c\projects\Win32\VC10\xerces-all\XercesLib\obj\XercesLib\rc.read.1.tlog
D:\Projects\mfct\ext\xerces-c\projects\Win32\VC10\xerces-all\XercesLib\obj\XercesLib\rc.write.1.tlog
D:\Projects\mfct\ext\xerces-c\projects\Win32\VC10\xerces-all\XercesLib\obj\XercesLib\ReaderMgr.obj
D:\Projects\mfct\ext\xerces-c\projects\Win32\VC10\xerces-all\XercesLib\obj\XercesLib\RegularExpression.obj
D:\Projects\mfct\ext\xerces-c\projects\Win32\VC10\xerces-all\XercesLib\obj\XercesLib\RegxParser.obj
D:\Projects\mfct\ext\xerces-c\projects\Win32\VC10\xerces-all\XercesLib\obj\XercesLib\RegxUtil.obj
D:\Projects\mfct\ext\xerces-c\projects\Win32\VC10\xerces-all\XercesLib\obj\XercesLib\sax2Dummy.obj
D:\Projects\mfct\ext\xerces-c\projects\Win32\VC10\xerces-all\XercesLib\obj\XercesLib\SAX2XMLFilterImpl.obj
D:\Projects\mfct\ext\xerces-c\projects\Win32\VC10\xerces-all\XercesLib\obj\XercesLib\SAX2XMLReaderImpl.obj
D:\Projects\mfct\ext\xerces-c\projects\Win32\VC10\xerces-all\XercesLib\obj\XercesLib\SAXException.obj
D:\Projects\mfct\ext\xerces-c\projects\Win32\VC10\xerces-all\XercesLib\obj\XercesLib\SAXParseException.obj
D:\Projects\mfct\ext\xerces-c\projects\Win32\VC10\xerces-all\XercesLib\obj\XercesLib\SAXParser.obj
D:\Projects\mfct\ext\xerces-c\projects\Win32\VC10\xerces-all\XercesLib\obj\XercesLib\SchemaAttDef.obj
D:\Projects\mfct\ext\xerces-c\projects\Win32\VC10\xerces-all\XercesLib\obj\XercesLib\SchemaAttDefList.obj
D:\Projects\mfct\ext\xerces-c\projects\Win32\VC10\xerces-all\XercesLib\obj\XercesLib\SchemaElementDecl.obj
D:\Projects\mfct\ext\xerces-c\projects\Win32\VC10\xerces-all\XercesLib\obj\XercesLib\SchemaGrammar.obj
D:\Projects\mfct\ext\xerces-c\projects\Win32\VC10\xerces-all\XercesLib\obj\XercesLib\SchemaInfo.obj
D:\Projects\mfct\ext\xerces-c\projects\Win32\VC10\xerces-all\XercesLib\obj\XercesLib\SchemaSymbols.obj
D:\Projects\mfct\ext\xerces-c\projects\Win32\VC10\xerces-all\XercesLib\obj\XercesLib\SchemaValidator.obj
D:\Projects\mfct\ext\xerces-c\projects\Win32\VC10\xerces-all\XercesLib\obj\XercesLib\SGXMLScanner.obj
D:\Projects\mfct\ext\xerces-c\projects\Win32\VC10\xerces-all\XercesLib\obj\XercesLib\SimpleContentModel.obj
D:\Projects\mfct\ext\xerces-c\projects\Win32\VC10\xerces-all\XercesLib\obj\XercesLib\StdInInputSource.obj
D:\Projects\mfct\ext\xerces-c\projects\Win32\VC10\xerces-all\XercesLib\obj\XercesLib\StdOutFormatTarget.obj
D:\Projects\mfct\ext\xerces-c\projects\Win32\VC10\xerces-all\XercesLib\obj\XercesLib\StringDatatypeValidator.obj
D:\Projects\mfct\ext\xerces-c\projects\Win32\VC10\xerces-all\XercesLib\obj\XercesLib\StringPool.obj
D:\Projects\mfct\ext\xerces-c\projects\Win32\VC10\xerces-all\XercesLib\obj\XercesLib\StringToken.obj
D:\Projects\mfct\ext\xerces-c\projects\Win32\VC10\xerces-all\XercesLib\obj\XercesLib\SubstitutionGroupComparator.obj
D:\Projects\mfct\ext\xerces-c\projects\Win32\VC10\xerces-all\XercesLib\obj\XercesLib\SynchronizedStringPool.obj
D:\Projects\mfct\ext\xerces-c\projects\Win32\VC10\xerces-all\XercesLib\obj\XercesLib\TimeDatatypeValidator.obj
D:\Projects\mfct\ext\xerces-c\projects\Win32\VC10\xerces-all\XercesLib\obj\XercesLib\Token.obj
D:\Projects\mfct\ext\xerces-c\projects\Win32\VC10\xerces-all\XercesLib\obj\XercesLib\TokenFactory.obj
D:\Projects\mfct\ext\xerces-c\projects\Win32\VC10\xerces-all\XercesLib\obj\XercesLib\TransService.obj
D:\Projects\mfct\ext\xerces-c\projects\Win32\VC10\xerces-all\XercesLib\obj\XercesLib\TraverseSchema.obj
D:\Projects\mfct\ext\xerces-c\projects\Win32\VC10\xerces-all\XercesLib\obj\XercesLib\UnicodeRangeFactory.obj
D:\Projects\mfct\ext\xerces-c\projects\Win32\VC10\xerces-all\XercesLib\obj\XercesLib\UnionDatatypeValidator.obj
D:\Projects\mfct\ext\xerces-c\projects\Win32\VC10\xerces-all\XercesLib\obj\XercesLib\UnionToken.obj
D:\Projects\mfct\ext\xerces-c\projects\Win32\VC10\xerces-all\XercesLib\obj\XercesLib\URLInputSource.obj
D:\Projects\mfct\ext\xerces-c\projects\Win32\VC10\xerces-all\XercesLib\obj\XercesLib\ValidationContextImpl.obj
D:\Projects\mfct\ext\xerces-c\projects\Win32\VC10\xerces-all\XercesLib\obj\XercesLib\ValueStore.obj
D:\Projects\mfct\ext\xerces-c\projects\Win32\VC10\xerces-all\XercesLib\obj\XercesLib\ValueStoreCache.obj
D:\Projects\mfct\ext\xerces-c\projects\Win32\VC10\xerces-all\XercesLib\obj\XercesLib\VecAttributesImpl.obj
D:\Projects\mfct\ext\xerces-c\projects\Win32\VC10\xerces-all\XercesLib\obj\XercesLib\VecAttrListImpl.obj
D:\PROJECTS\MFCT\EXT\XERCES-C\PROJECTS\WIN32\VC10\XERCES-ALL\XERCESLIB\OBJ\XERCESLIB\VERSION.RES
D:\Projects\mfct\ext\xerces-c\projects\Win32\VC10\xerces-all\XercesLib\obj\XercesLib\WFXMLScanner.obj
D:\Projects\mfct\ext\xerces-c\projects\Win32\VC10\xerces-all\XercesLib\obj\XercesLib\Win32MsgLoader.obj
D:\Projects\mfct\ext\xerces-c\projects\Win32\VC10\xerces-all\XercesLib\obj\XercesLib\Win32TransService.obj
D:\Projects\mfct\ext\xerces-c\projects\Win32\VC10\xerces-all\XercesLib\obj\XercesLib\WindowsFileMgr.obj
D:\Projects\mfct\ext\xerces-c\projects\Win32\VC10\xerces-all\XercesLib\obj\XercesLib\WindowsMutexMgr.obj
D:\Projects\mfct\ext\xerces-c\projects\Win32\VC10\xerces-all\XercesLib\obj\XercesLib\WinSockNetAccessor.obj
D:\Projects\mfct\ext\xerces-c\projects\Win32\VC10\xerces-all\XercesLib\obj\XercesLib\Wrapper4DOMLSInput.obj
D:\Projects\mfct\ext\xerces-c\projects\Win32\VC10\xerces-all\XercesLib\obj\XercesLib\Wrapper4InputSource.obj
D:\Projects\mfct\ext\xerces-c\projects\Win32\VC10\xerces-all\XercesLib\obj\XercesLib\XercesAttGroupInfo.obj
D:\PROJECTS\MFCT\EXT\XERCES-C\PROJECTS\WIN32\VC10\XERCES-ALL\XERCESLIB\OBJ\XERCESLIB\XERCES-C_3_1D.DLL.EMBED.MANIFEST
D:\PROJECTS\MFCT\EXT\XERCES-C\PROJECTS\WIN32\VC10\XERCES-ALL\XERCESLIB\OBJ\XERCESLIB\XERCES-C_3_1D.DLL.EMBED.MANIFEST.RES
D:\PROJECTS\MFCT\EXT\XERCES-C\PROJECTS\WIN32\VC10\XERCES-ALL\XERCESLIB\OBJ\XERCESLIB\XERCES-C_3_1D.DLL.INTERMEDIATE.MANIFEST
D:\Projects\mfct\ext\xerces-c\projects\Win32\VC10\xerces-all\XercesLib\obj\XercesLib\xerces-c_3_1D_manifest.rc
D:\Projects\mfct\ext\xerces-c\projects\Win32\VC10\xerces-all\XercesLib\obj\XercesLib\XercesDOMParser.obj
D:\Projects\mfct\ext\xerces-c\projects\Win32\VC10\xerces-all\XercesLib\obj\XercesLib\XercesElementWildcard.obj
D:\Projects\mfct\ext\xerces-c\projects\Win32\VC10\xerces-all\XercesLib\obj\XercesLib\XercesGroupInfo.obj
D:\Projects\mfct\ext\xerces-c\projects\Win32\VC10\xerces-all\XercesLib\obj\XercesLib\XercesLib.write.1.tlog
D:\PROJECTS\MFCT\EXT\XERCES-C\PROJECTS\WIN32\VC10\XERCES-ALL\XERCESLIB\OBJ\XERCESLIB\XERCESLIB_VC100.PDB
D:\Projects\mfct\ext\xerces-c\projects\Win32\VC10\xerces-all\XercesLib\obj\XercesLib\XercesXPath.obj
D:\Projects\mfct\ext\xerces-c\projects\Win32\VC10\xerces-all\XercesLib\obj\XercesLib\XIncludeDOMDocumentProcessor.obj
D:\Projects\mfct\ext\xerces-c\projects\Win32\VC10\xerces-all\XercesLib\obj\XercesLib\XIncludeLocation.obj
D:\Projects\mfct\ext\xerces-c\projects\Win32\VC10\xerces-all\XercesLib\obj\XercesLib\XIncludeUtils.obj
D:\Projects\mfct\ext\xerces-c\projects\Win32\VC10\xerces-all\XercesLib\obj\XercesLib\XMemory.obj
D:\Projects\mfct\ext\xerces-c\projects\Win32\VC10\xerces-all\XercesLib\obj\XercesLib\XML256TableTranscoder.obj
D:\Projects\mfct\ext\xerces-c\projects\Win32\VC10\xerces-all\XercesLib\obj\XercesLib\XML88591Transcoder.obj
D:\Projects\mfct\ext\xerces-c\projects\Win32\VC10\xerces-all\XercesLib\obj\XercesLib\XMLAbstractDoubleFloat.obj
D:\Projects\mfct\ext\xerces-c\projects\Win32\VC10\xerces-all\XercesLib\obj\XercesLib\XMLASCIITranscoder.obj
D:\Projects\mfct\ext\xerces-c\projects\Win32\VC10\xerces-all\XercesLib\obj\XercesLib\XMLAttDef.obj
D:\Projects\mfct\ext\xerces-c\projects\Win32\VC10\xerces-all\XercesLib\obj\XercesLib\XMLAttDefList.obj
D:\Projects\mfct\ext\xerces-c\projects\Win32\VC10\xerces-all\XercesLib\obj\XercesLib\XMLAttr.obj
D:\Projects\mfct\ext\xerces-c\projects\Win32\VC10\xerces-all\XercesLib\obj\XercesLib\XMLBigDecimal.obj
D:\Projects\mfct\ext\xerces-c\projects\Win32\VC10\xerces-all\XercesLib\obj\XercesLib\XMLBigInteger.obj
D:\Projects\mfct\ext\xerces-c\projects\Win32\VC10\xerces-all\XercesLib\obj\XercesLib\XMLBuffer.obj
D:\Projects\mfct\ext\xerces-c\projects\Win32\VC10\xerces-all\XercesLib\obj\XercesLib\XMLBufferMgr.obj
D:\Projects\mfct\ext\xerces-c\projects\Win32\VC10\xerces-all\XercesLib\obj\XercesLib\XMLCanRepGroup.obj
D:\Projects\mfct\ext\xerces-c\projects\Win32\VC10\xerces-all\XercesLib\obj\XercesLib\XMLChar.obj
D:\Projects\mfct\ext\xerces-c\projects\Win32\VC10\xerces-all\XercesLib\obj\XercesLib\XMLChTranscoder.obj
D:\Projects\mfct\ext\xerces-c\projects\Win32\VC10\xerces-all\XercesLib\obj\XercesLib\XMLContentModel.obj
D:\Projects\mfct\ext\xerces-c\projects\Win32\VC10\xerces-all\XercesLib\obj\XercesLib\XMLDateTime.obj
D:\Projects\mfct\ext\xerces-c\projects\Win32\VC10\xerces-all\XercesLib\obj\XercesLib\XMLDouble.obj
D:\Projects\mfct\ext\xerces-c\projects\Win32\VC10\xerces-all\XercesLib\obj\XercesLib\XMLDTDDescription.obj
D:\Projects\mfct\ext\xerces-c\projects\Win32\VC10\xerces-all\XercesLib\obj\XercesLib\XMLDTDDescriptionImpl.obj
D:\Projects\mfct\ext\xerces-c\projects\Win32\VC10\xerces-all\XercesLib\obj\XercesLib\XMLEBCDICTranscoder.obj
D:\Projects\mfct\ext\xerces-c\projects\Win32\VC10\xerces-all\XercesLib\obj\XercesLib\XMLElementDecl.obj
D:\Projects\mfct\ext\xerces-c\projects\Win32\VC10\xerces-all\XercesLib\obj\XercesLib\XMLEntityDecl.obj
D:\Projects\mfct\ext\xerces-c\projects\Win32\VC10\xerces-all\XercesLib\obj\XercesLib\XMLException.obj
D:\Projects\mfct\ext\xerces-c\projects\Win32\VC10\xerces-all\XercesLib\obj\XercesLib\XMLFloat.obj
D:\Projects\mfct\ext\xerces-c\projects\Win32\VC10\xerces-all\XercesLib\obj\XercesLib\XMLFormatter.obj
D:\Projects\mfct\ext\xerces-c\projects\Win32\VC10\xerces-all\XercesLib\obj\XercesLib\XMLGrammarDescription.obj
D:\Projects\mfct\ext\xerces-c\projects\Win32\VC10\xerces-all\XercesLib\obj\XercesLib\XMLGrammarPoolImpl.obj
D:\Projects\mfct\ext\xerces-c\projects\Win32\VC10\xerces-all\XercesLib\obj\XercesLib\XMLIBM1047Transcoder.obj
D:\Projects\mfct\ext\xerces-c\projects\Win32\VC10\xerces-all\XercesLib\obj\XercesLib\XMLIBM1140Transcoder.obj
D:\Projects\mfct\ext\xerces-c\projects\Win32\VC10\xerces-all\XercesLib\obj\XercesLib\XMLInitializer.obj
D:\Projects\mfct\ext\xerces-c\projects\Win32\VC10\xerces-all\XercesLib\obj\XercesLib\XMLMsgLoader.obj
D:\Projects\mfct\ext\xerces-c\projects\Win32\VC10\xerces-all\XercesLib\obj\XercesLib\XMLNotationDecl.obj
D:\Projects\mfct\ext\xerces-c\projects\Win32\VC10\xerces-all\XercesLib\obj\XercesLib\XMLNumber.obj
D:\Projects\mfct\ext\xerces-c\projects\Win32\VC10\xerces-all\XercesLib\obj\XercesLib\XMLRangeFactory.obj
D:\Projects\mfct\ext\xerces-c\projects\Win32\VC10\xerces-all\XercesLib\obj\XercesLib\XMLReader.obj
D:\Projects\mfct\ext\xerces-c\projects\Win32\VC10\xerces-all\XercesLib\obj\XercesLib\XMLRecognizer.obj
D:\Projects\mfct\ext\xerces-c\projects\Win32\VC10\xerces-all\XercesLib\obj\XercesLib\XMLRefInfo.obj
D:\Projects\mfct\ext\xerces-c\projects\Win32\VC10\xerces-all\XercesLib\obj\XercesLib\XMLScanner.obj
D:\Projects\mfct\ext\xerces-c\projects\Win32\VC10\xerces-all\XercesLib\obj\XercesLib\XMLScannerResolver.obj
D:\Projects\mfct\ext\xerces-c\projects\Win32\VC10\xerces-all\XercesLib\obj\XercesLib\XMLSchemaDescription.obj
D:\Projects\mfct\ext\xerces-c\projects\Win32\VC10\xerces-all\XercesLib\obj\XercesLib\XMLSchemaDescriptionImpl.obj
D:\Projects\mfct\ext\xerces-c\projects\Win32\VC10\xerces-all\XercesLib\obj\XercesLib\XMLString.obj
D:\Projects\mfct\ext\xerces-c\projects\Win32\VC10\xerces-all\XercesLib\obj\XercesLib\XMLStringTokenizer.obj
D:\Projects\mfct\ext\xerces-c\projects\Win32\VC10\xerces-all\XercesLib\obj\XercesLib\XMLUCS4Transcoder.obj
D:\Projects\mfct\ext\xerces-c\projects\Win32\VC10\xerces-all\XercesLib\obj\XercesLib\XMLUni.obj
D:\Projects\mfct\ext\xerces-c\projects\Win32\VC10\xerces-all\XercesLib\obj\XercesLib\XMLUniCharacter.obj
D:\Projects\mfct\ext\xerces-c\projects\Win32\VC10\xerces-all\XercesLib\obj\XercesLib\XMLUri.obj
D:\Projects\mfct\ext\xerces-c\projects\Win32\VC10\xerces-all\XercesLib\obj\XercesLib\XMLURL.obj
D:\Projects\mfct\ext\xerces-c\projects\Win32\VC10\xerces-all\XercesLib\obj\XercesLib\XMLUTF16Transcoder.obj
D:\Projects\mfct\ext\xerces-c\projects\Win32\VC10\xerces-all\XercesLib\obj\XercesLib\XMLUTF8Transcoder.obj
D:\Projects\mfct\ext\xerces-c\projects\Win32\VC10\xerces-all\XercesLib\obj\XercesLib\XMLValidator.obj
D:\Projects\mfct\ext\xerces-c\projects\Win32\VC10\xerces-all\XercesLib\obj\XercesLib\XMLWin1252Transcoder.obj
D:\Projects\mfct\ext\xerces-c\projects\Win32\VC10\xerces-all\XercesLib\obj\XercesLib\XPathMatcher.obj
D:\Projects\mfct\ext\xerces-c\projects\Win32\VC10\xerces-all\XercesLib\obj\XercesLib\XPathMatcherStack.obj
D:\Projects\mfct\ext\xerces-c\projects\Win32\VC10\xerces-all\XercesLib\obj\XercesLib\XPathSymbols.obj
D:\Projects\mfct\ext\xerces-c\projects\Win32\VC10\xerces-all\XercesLib\obj\XercesLib\XProtoType.obj
D:\Projects\mfct\ext\xerces-c\projects\Win32\VC10\xerces-all\XercesLib\obj\XercesLib\XSAnnotation.obj
D:\Projects\mfct\ext\xerces-c\projects\Win32\VC10\xerces-all\XercesLib\obj\XercesLib\XSAttributeDeclaration.obj
D:\Projects\mfct\ext\xerces-c\projects\Win32\VC10\xerces-all\XercesLib\obj\XercesLib\XSAttributeGroupDefinition.obj
D:\Projects\mfct\ext\xerces-c\projects\Win32\VC10\xerces-all\XercesLib\obj\XercesLib\XSAttributeUse.obj
D:\Projects\mfct\ext\xerces-c\projects\Win32\VC10\xerces-all\XercesLib\obj\XercesLib\XSAXMLScanner.obj
D:\Projects\mfct\ext\xerces-c\projects\Win32\VC10\xerces-all\XercesLib\obj\XercesLib\XSComplexTypeDefinition.obj
D:\Projects\mfct\ext\xerces-c\projects\Win32\VC10\xerces-all\XercesLib\obj\XercesLib\XSDDOMParser.obj
D:\Projects\mfct\ext\xerces-c\projects\Win32\VC10\xerces-all\XercesLib\obj\XercesLib\XSDElementNSImpl.obj
D:\Projects\mfct\ext\xerces-c\projects\Win32\VC10\xerces-all\XercesLib\obj\XercesLib\XSDErrorReporter.obj
D:\Projects\mfct\ext\xerces-c\projects\Win32\VC10\xerces-all\XercesLib\obj\XercesLib\XSDLocator.obj
D:\Projects\mfct\ext\xerces-c\projects\Win32\VC10\xerces-all\XercesLib\obj\XercesLib\XSElementDeclaration.obj
D:\Projects\mfct\ext\xerces-c\projects\Win32\VC10\xerces-all\XercesLib\obj\XercesLib\XSerializeEngine.obj
D:\Projects\mfct\ext\xerces-c\projects\Win32\VC10\xerces-all\XercesLib\obj\XercesLib\XSFacet.obj
D:\Projects\mfct\ext\xerces-c\projects\Win32\VC10\xerces-all\XercesLib\obj\XercesLib\XSIDCDefinition.obj
D:\Projects\mfct\ext\xerces-c\projects\Win32\VC10\xerces-all\XercesLib\obj\XercesLib\XSModel.obj
D:\Projects\mfct\ext\xerces-c\projects\Win32\VC10\xerces-all\XercesLib\obj\XercesLib\XSModelGroup.obj
D:\Projects\mfct\ext\xerces-c\projects\Win32\VC10\xerces-all\XercesLib\obj\XercesLib\XSModelGroupDefinition.obj
D:\Projects\mfct\ext\xerces-c\projects\Win32\VC10\xerces-all\XercesLib\obj\XercesLib\XSMultiValueFacet.obj
D:\Projects\mfct\ext\xerces-c\projects\Win32\VC10\xerces-all\XercesLib\obj\XercesLib\XSNamespaceItem.obj
D:\Projects\mfct\ext\xerces-c\projects\Win32\VC10\xerces-all\XercesLib\obj\XercesLib\XSNotationDeclaration.obj
D:\Projects\mfct\ext\xerces-c\projects\Win32\VC10\xerces-all\XercesLib\obj\XercesLib\XSObject.obj
D:\Projects\mfct\ext\xerces-c\projects\Win32\VC10\xerces-all\XercesLib\obj\XercesLib\XSObjectFactory.obj
D:\Projects\mfct\ext\xerces-c\projects\Win32\VC10\xerces-all\XercesLib\obj\XercesLib\XSParticle.obj
D:\Projects\mfct\ext\xerces-c\projects\Win32\VC10\xerces-all\XercesLib\obj\XercesLib\XSSimpleTypeDefinition.obj
D:\Projects\mfct\ext\xerces-c\projects\Win32\VC10\xerces-all\XercesLib\obj\XercesLib\XSTypeDefinition.obj
D:\Projects\mfct\ext\xerces-c\projects\Win32\VC10\xerces-all\XercesLib\obj\XercesLib\XSValue.obj
D:\Projects\mfct\ext\xerces-c\projects\Win32\VC10\xerces-all\XercesLib\obj\XercesLib\XSWildcard.obj
D:\Projects\mfct\ext\xerces-c\projects\Win32\VC10\xerces-all\XercesLib\obj\XercesLib\XTemplateSerializer.obj
D:\Projects\mfct\ext\xerces-c\projects\Win32\VC10\xerces-all\XercesLib\obj\XercesLib\XUtil.obj
D:\Projects\mfct\ext\xerces-c\projects\Win32\VC10\xerces-all\XercesLib\obj\XercesLib\YearDatatypeValidator.obj
D:\Projects\mfct\ext\xerces-c\projects\Win32\VC10\xerces-all\XercesLib\obj\XercesLib\YearMonthDatatypeValidator.obj
D:\PROJECTS\MFCT\EXT\XERCES-C\PROJECTS\WIN32\VC10\XERCES-ALL\XERCESLIB\XERCES-C_3_1D.DLL
D:\PROJECTS\MFCT\EXT\XERCES-C\PROJECTS\WIN32\VC10\XERCES-ALL\XERCESLIB\XERCES-C_3_1D.ILK
D:\PROJECTS\MFCT\EXT\XERCES-C\SRC\XERCESC\UTIL\XERCES_AUTOCONF_CONFIG.HPP
xerces-c_3_1D.ilk
